Info: Start Nativelink Simulation process

========= EDA Simulation Settings =====================

Sim Mode              :  Gate
Family                :  cycloneii
Quartus root          :  c:/altera/13.0sp1/quartus/bin64/
Quartus sim root      :  c:/altera/13.0sp1/quartus/eda/sim_lib
Simulation Tool       :  modelsim-altera
Simulation Language   :  vhdl
Version               :  93
Simulation Mode       :  GUI
Sim Output File       :  guardar_ganador.vho
Sim SDF file          :  guardar_ganador__vhdl.sdo
Sim dir               :  simulation\modelsim

=======================================================

Info: Starting NativeLink simulation with ModelSim-Altera software
Sourced NativeLink script c:/altera/13.0sp1/quartus/common/tcl/internal/nativelink/modelsim.tcl
Warning: File guardar_ganador_run_msim_gate_vhdl.do already exists - backing up current file as guardar_ganador_run_msim_gate_vhdl.do.bak
Probing transcript
ModelSim-Altera Info: # Reading C:/altera/13.0sp1/modelsim_ase/tcl/vsim/pref.tcl 
ModelSim-Altera Info: # do guardar_ganador_run_msim_gate_vhdl.do 
ModelSim-Altera Info: # if {[file exists gate_work]} {
ModelSim-Altera Info: # 	vdel -lib gate_work -all
ModelSim-Altera Info: # }
ModelSim-Altera Info: # vlib gate_work
ModelSim-Altera Info: # vmap work gate_work
ModelSim-Altera Info: # Copying C:\altera\13.0sp1\modelsim_ase\win32aloem/../modelsim.ini to modelsim.ini
ModelSim-Altera Info: # Modifying modelsim.ini
ModelSim-Altera Warning: # ** Warning: Copied C:\altera\13.0sp1\modelsim_ase\win32aloem/../modelsim.ini to modelsim.ini.
ModelSim-Altera Info: #          Updated modelsim.ini.
ModelSim-Altera Info: # 
ModelSim-Altera Info: # vcom -93 -work work {guardar_ganador.vho}
ModelSim-Altera Info: # Model Technology ModelSim ALTERA vcom 10.1d Compiler 2012.11 Nov  2 2012
ModelSim-Altera Info: # -- Loading package STANDARD
ModelSim-Altera Info: # -- Loading package TEXTIO
ModelSim-Altera Info: # -- Loading package std_logic_1164
ModelSim-Altera Info: # -- Loading package VITAL_Timing
ModelSim-Altera Info: # -- Loading package VITAL_Primitives
ModelSim-Altera Info: # -- Loading package cycloneii_atom_pack
ModelSim-Altera Info: # -- Loading package cycloneii_components
ModelSim-Altera Info: # -- Compiling entity guardar_ganador
ModelSim-Altera Info: # -- Compiling architecture structure of guardar_ganador
ModelSim-Altera Info: # 
ModelSim-Altera Info: vsim work.guardar_ganador
ModelSim-Altera Info: # vsim work.guardar_ganador 
ModelSim-Altera Info: # Loading std.standard
ModelSim-Altera Info: # Loading std.textio(body)
ModelSim-Altera Info: # Loading ieee.std_logic_1164(body)
ModelSim-Altera Info: # Loading ieee.vital_timing(body)
ModelSim-Altera Info: # Loading ieee.vital_primitives(body)
ModelSim-Altera Info: # Loading cycloneii.cycloneii_atom_pack(body)
ModelSim-Altera Info: # Loading cycloneii.cycloneii_components
ModelSim-Altera Info: # Loading work.guardar_ganador(structure)
ModelSim-Altera Info: # Loading cycloneii.cycloneii_lcell_comb(vital_lcell_comb)
ModelSim-Altera Info: # Loading ieee.std_logic_arith(body)
ModelSim-Altera Info: # Loading cycloneii.cycloneii_io(structure)
ModelSim-Altera Info: # Loading cycloneii.cycloneii_mux21(altvital)
ModelSim-Altera Info: # Loading cycloneii.cycloneii_dffe(behave)
ModelSim-Altera Info: # Loading cycloneii.cycloneii_asynch_io(behave)
ModelSim-Altera Info: # Loading cycloneii.cycloneii_clkctrl(vital_clkctrl)
ModelSim-Altera Info: # Loading cycloneii.cycloneii_ena_reg(behave)
ModelSim-Altera Info: # Loading cycloneii.cycloneii_lcell_ff(vital_lcell_ff)
ModelSim-Altera Info: # Loading cycloneii.cycloneii_and1(altvital)
ModelSim-Altera Info: vsim work.guardar_ganador
ModelSim-Altera Info: # vsim work.guardar_ganador 
ModelSim-Altera Info: # Loading std.standard
ModelSim-Altera Info: # Loading std.textio(body)
ModelSim-Altera Info: # Loading ieee.std_logic_1164(body)
ModelSim-Altera Info: # Loading ieee.vital_timing(body)
ModelSim-Altera Info: # Loading ieee.vital_primitives(body)
ModelSim-Altera Info: # Loading cycloneii.cycloneii_atom_pack(body)
ModelSim-Altera Info: # Loading cycloneii.cycloneii_components
ModelSim-Altera Info: # Loading work.guardar_ganador(structure)
ModelSim-Altera Info: # Loading cycloneii.cycloneii_lcell_comb(vital_lcell_comb)
ModelSim-Altera Info: # Loading ieee.std_logic_arith(body)
ModelSim-Altera Info: # Loading cycloneii.cycloneii_io(structure)
ModelSim-Altera Info: # Loading cycloneii.cycloneii_mux21(altvital)
ModelSim-Altera Info: # Loading cycloneii.cycloneii_dffe(behave)
ModelSim-Altera Info: # Loading cycloneii.cycloneii_asynch_io(behave)
ModelSim-Altera Info: # Loading cycloneii.cycloneii_clkctrl(vital_clkctrl)
ModelSim-Altera Info: # Loading cycloneii.cycloneii_ena_reg(behave)
ModelSim-Altera Info: # Loading cycloneii.cycloneii_lcell_ff(vital_lcell_ff)
ModelSim-Altera Info: # Loading cycloneii.cycloneii_and1(altvital)
ModelSim-Altera Info: add wave -position end  sim:/guardar_ganador/mayor_o_igual
ModelSim-Altera Info: add wave -position end  sim:/guardar_ganador/punt_actual
ModelSim-Altera Info: add wave -position end  sim:/guardar_ganador/pulso
ModelSim-Altera Info: add wave -position end  sim:/guardar_ganador/enable
ModelSim-Altera Info: add wave -position end  sim:/guardar_ganador/clr
ModelSim-Altera Info: add wave -position end  sim:/guardar_ganador/mejor_puntaje
ModelSim-Altera Info: force -freeze sim:/guardar_ganador/punt_actual 000000 0
ModelSim-Altera Info: force -freeze sim:/guardar_ganador/pulso 0 0
ModelSim-Altera Info: force -freeze sim:/guardar_ganador/enable 1 0
ModelSim-Altera Info: force -freeze sim:/guardar_ganador/clr 0 0
ModelSim-Altera Info: run
ModelSim-Altera Info: run
ModelSim-Altera Info: force -freeze sim:/guardar_ganador/pulso 1 0
Info: NativeLink simulation flow was successful
