Info: Start Nativelink Simulation process

========= EDA Simulation Settings =====================

Sim Mode              :  Gate
Family                :  cycloneii
Quartus root          :  e:/programas/quartus2/quartus/bin64/
Quartus sim root      :  e:/programas/quartus2/quartus/eda/sim_lib
Simulation Tool       :  modelsim-altera
Simulation Language   :  vhdl
Version               :  93
Simulation Mode       :  GUI
Sim Output File       :  counter.vho
Sim SDF file          :  counter__vhdl.sdo
Sim dir               :  simulation\modelsim

=======================================================

Info: Starting NativeLink simulation with ModelSim-Altera software
Sourced NativeLink script e:/programas/quartus2/quartus/common/tcl/internal/nativelink/modelsim.tcl
Warning: File counter_run_msim_gate_vhdl.do already exists - backing up current file as counter_run_msim_gate_vhdl.do.bak11
Probing transcript
ModelSim-Altera Info: # Reading E:/Programas/quartus2/modelsim_ase/tcl/vsim/pref.tcl 
ModelSim-Altera Info: # do counter_run_msim_gate_vhdl.do 
ModelSim-Altera Info: # if {[file exists gate_work]} {
ModelSim-Altera Info: # 	vdel -lib gate_work -all
ModelSim-Altera Info: # }
ModelSim-Altera Info: # vlib gate_work
ModelSim-Altera Info: # vmap work gate_work
ModelSim-Altera Info: # Copying E:\Programas\quartus2\modelsim_ase\win32aloem/../modelsim.ini to modelsim.ini
ModelSim-Altera Info: # Modifying modelsim.ini
ModelSim-Altera Warning: # ** Warning: Copied E:\Programas\quartus2\modelsim_ase\win32aloem/../modelsim.ini to modelsim.ini.
ModelSim-Altera Info: #          Updated modelsim.ini.
ModelSim-Altera Info: # 
ModelSim-Altera Info: # vcom -93 -work work {counter.vho}
ModelSim-Altera Info: # Model Technology ModelSim ALTERA vcom 10.1d Compiler 2012.11 Nov  2 2012
ModelSim-Altera Info: # -- Loading package STANDARD
ModelSim-Altera Info: # -- Loading package TEXTIO
ModelSim-Altera Info: # -- Loading package std_logic_1164
ModelSim-Altera Info: # -- Loading package VITAL_Timing
ModelSim-Altera Info: # -- Loading package VITAL_Primitives
ModelSim-Altera Info: # -- Loading package cycloneii_atom_pack
ModelSim-Altera Info: # -- Loading package cycloneii_components
ModelSim-Altera Info: # -- Compiling entity decoderJuego
ModelSim-Altera Info: # -- Compiling architecture structure of decoderJuego
ModelSim-Altera Info: # 
ModelSim-Altera Info: vsim work.decoderjuego
ModelSim-Altera Info: # vsim work.decoderjuego 
ModelSim-Altera Info: # Loading std.standard
ModelSim-Altera Info: # Loading std.textio(body)
ModelSim-Altera Info: # Loading ieee.std_logic_1164(body)
ModelSim-Altera Info: # Loading ieee.vital_timing(body)
ModelSim-Altera Info: # Loading ieee.vital_primitives(body)
ModelSim-Altera Info: # Loading cycloneii.cycloneii_atom_pack(body)
ModelSim-Altera Info: # Loading cycloneii.cycloneii_components
ModelSim-Altera Info: # Loading work.decoderjuego(structure)
ModelSim-Altera Info: # Loading cycloneii.cycloneii_lcell_comb(vital_lcell_comb)
ModelSim-Altera Info: # Loading cycloneii.cycloneii_clkctrl(vital_clkctrl)
ModelSim-Altera Info: # Loading cycloneii.cycloneii_ena_reg(behave)
ModelSim-Altera Info: # Loading ieee.std_logic_arith(body)
ModelSim-Altera Info: # Loading cycloneii.cycloneii_io(structure)
ModelSim-Altera Info: # Loading cycloneii.cycloneii_mux21(altvital)
ModelSim-Altera Info: # Loading cycloneii.cycloneii_dffe(behave)
ModelSim-Altera Info: # Loading cycloneii.cycloneii_asynch_io(behave)
ModelSim-Altera Info: # Loading cycloneii.cycloneii_lcell_ff(vital_lcell_ff)
ModelSim-Altera Info: # Loading cycloneii.cycloneii_and1(altvital)
ModelSim-Altera Info: # Loading cycloneii.cycloneii_ram_block(block_arch)
ModelSim-Altera Info: # Loading cycloneii.cycloneii_ram_register(reg_arch)
ModelSim-Altera Info: # Loading cycloneii.cycloneii_ram_pulse_generator(pgen_arch)
ModelSim-Altera Warning: # ** Warning: Design size of 2 instances exceeds ModelSim ALTERA recommended capacity.
ModelSim-Altera Info: # This may because you are loading cell libraries which are not recommended with
ModelSim-Altera Info: # the ModelSim Altera version. Expect performance to be adversely affected.
ModelSim-Altera Info: add wave -position end  sim:/decoderjuego/ram5
ModelSim-Altera Info: add wave -position end  sim:/decoderjuego/reset
ModelSim-Altera Info: add wave -position end  sim:/decoderjuego/clk
ModelSim-Altera Info: add wave -position end  sim:/decoderjuego/siguiente
ModelSim-Altera Info: add wave -position end  sim:/decoderjuego/aceptar
ModelSim-Altera Info: add wave -position end  sim:/decoderjuego/ram4
ModelSim-Altera Info: add wave -position end  sim:/decoderjuego/ram3
ModelSim-Altera Info: add wave -position end  sim:/decoderjuego/ram2
ModelSim-Altera Info: add wave -position end  sim:/decoderjuego/ram1
ModelSim-Altera Info: add wave -position end  sim:/decoderjuego/ram0
ModelSim-Altera Info: add wave -position end  sim:/decoderjuego/jug2
ModelSim-Altera Info: add wave -position end  sim:/decoderjuego/jug1
ModelSim-Altera Info: add wave -position end  sim:/decoderjuego/jug0
ModelSim-Altera Info: add wave -position end  sim:/decoderjuego/numeros
ModelSim-Altera Info: add wave -position end  sim:/decoderjuego/palabras
ModelSim-Altera Warning: # ** Warning: (vsim-WLF-5000) WLF file currently in use: vsim.wlf
ModelSim-Altera Info: # 
ModelSim-Altera Info: #           File in use by: itsre  Hostname: DESKTOP-LDL5N1P  ProcessID: 5784
ModelSim-Altera Info: # 
ModelSim-Altera Info: #           Attempting to use alternate WLF file "./wlftce7z61".
ModelSim-Altera Warning: # ** Warning: (vsim-WLF-5001) Could not open WLF file: vsim.wlf
ModelSim-Altera Info: # 
ModelSim-Altera Info: #           Using alternate file: ./wlftce7z61
ModelSim-Altera Info: # 
ModelSim-Altera Info: force -freeze sim:/decoderjuego/clk 1 0, 0 {50 ps} -r 100
ModelSim-Altera Info: run
ModelSim-Altera Info: run
ModelSim-Altera Info: run
ModelSim-Altera Info: noforce sim:/decoderjuego/reset
ModelSim-Altera Info: noforce sim:/decoderjuego/siguiente
ModelSim-Altera Info: noforce sim:/decoderjuego/aceptar
ModelSim-Altera Info: force -freeze sim:/decoderjuego/reset 0 0
ModelSim-Altera Info: force -freeze sim:/decoderjuego/siguiente 0 0
ModelSim-Altera Info: force -freeze sim:/decoderjuego/aceptar 0 0
ModelSim-Altera Info: run
ModelSim-Altera Info: run
ModelSim-Altera Info: run
ModelSim-Altera Info: run
ModelSim-Altera Info: run
ModelSim-Altera Info: run
ModelSim-Altera Info: run
ModelSim-Altera Info: run
ModelSim-Altera Info: restart
ModelSim-Altera Info: force -freeze sim:/decoderjuego/clk 1 0, 0 {50 ps} -r 100
ModelSim-Altera Info: force -freeze sim:/decoderjuego/reset 0 0
ModelSim-Altera Info: force -freeze sim:/decoderjuego/siguiente 0 0
ModelSim-Altera Info: force -freeze sim:/decoderjuego/aceptar 0 0
ModelSim-Altera Info: run
ModelSim-Altera Info: run
ModelSim-Altera Info: run
ModelSim-Altera Info: run
ModelSim-Altera Info: run
ModelSim-Altera Info: run
ModelSim-Altera Info: force -freeze sim:/decoderjuego/siguiente 1 0
ModelSim-Altera Info: run
ModelSim-Altera Info: run
ModelSim-Altera Info: run
ModelSim-Altera Info: run
ModelSim-Altera Info: force -freeze sim:/decoderjuego/siguiente 0 0
ModelSim-Altera Info: run
ModelSim-Altera Info: run
ModelSim-Altera Info: run
ModelSim-Altera Info: run
ModelSim-Altera Info: run
ModelSim-Altera Info: force -freeze sim:/decoderjuego/aceptar 1 0
ModelSim-Altera Info: run
ModelSim-Altera Info: run
ModelSim-Altera Info: run
ModelSim-Altera Info: run
ModelSim-Altera Info: force -freeze sim:/decoderjuego/aceptar 0 0
ModelSim-Altera Info: run
ModelSim-Altera Info: run
ModelSim-Altera Info: run
ModelSim-Altera Info: run
ModelSim-Altera Info: run
ModelSim-Altera Info: run
ModelSim-Altera Info: force -freeze sim:/decoderjuego/aceptar 1 0
ModelSim-Altera Info: run
ModelSim-Altera Info: run
ModelSim-Altera Info: run
ModelSim-Altera Info: run
ModelSim-Altera Info: run
ModelSim-Altera Info: force -freeze sim:/decoderjuego/aceptar 0 0
ModelSim-Altera Info: run
ModelSim-Altera Info: run
ModelSim-Altera Info: run
ModelSim-Altera Info: run
ModelSim-Altera Info: run
ModelSim-Altera Info: run
ModelSim-Altera Info: run
ModelSim-Altera Info: run
ModelSim-Altera Info: run
ModelSim-Altera Info: run
ModelSim-Altera Info: force -freeze sim:/decoderjuego/siguiente 1 0
ModelSim-Altera Info: run
ModelSim-Altera Info: run
ModelSim-Altera Info: run
ModelSim-Altera Info: run
ModelSim-Altera Info: run
ModelSim-Altera Info: run
ModelSim-Altera Info: run
ModelSim-Altera Info: run
Info: NativeLink simulation flow was successful
