Info: Start Nativelink Simulation process

========= EDA Simulation Settings =====================

Sim Mode              :  Gate
Family                :  cycloneii
Quartus root          :  c:/altera/13.0sp1/quartus/bin64/
Quartus sim root      :  c:/altera/13.0sp1/quartus/eda/sim_lib
Simulation Tool       :  modelsim-altera
Simulation Language   :  vhdl
Version               :  93
Simulation Mode       :  GUI
Sim Output File       :  recordador.vho
Sim SDF file          :  recordador__vhdl.sdo
Sim dir               :  simulation\modelsim

=======================================================

Info: Starting NativeLink simulation with ModelSim-Altera software
Sourced NativeLink script c:/altera/13.0sp1/quartus/common/tcl/internal/nativelink/modelsim.tcl
Warning: File recordador_run_msim_gate_vhdl.do already exists - backing up current file as recordador_run_msim_gate_vhdl.do.bak
Probing transcript
ModelSim-Altera Info: # Reading C:/altera/13.0sp1/modelsim_ase/tcl/vsim/pref.tcl 
ModelSim-Altera Info: # do recordador_run_msim_gate_vhdl.do 
ModelSim-Altera Info: # if {[file exists gate_work]} {
ModelSim-Altera Info: # 	vdel -lib gate_work -all
ModelSim-Altera Info: # }
ModelSim-Altera Info: # vlib gate_work
ModelSim-Altera Info: # vmap work gate_work
ModelSim-Altera Info: # Copying C:\altera\13.0sp1\modelsim_ase\win32aloem/../modelsim.ini to modelsim.ini
ModelSim-Altera Info: # Modifying modelsim.ini
ModelSim-Altera Warning: # ** Warning: Copied C:\altera\13.0sp1\modelsim_ase\win32aloem/../modelsim.ini to modelsim.ini.
ModelSim-Altera Info: #          Updated modelsim.ini.
ModelSim-Altera Info: # 
ModelSim-Altera Info: # vcom -93 -work work {recordador.vho}
ModelSim-Altera Info: # Model Technology ModelSim ALTERA vcom 10.1d Compiler 2012.11 Nov  2 2012
ModelSim-Altera Info: # -- Loading package STANDARD
ModelSim-Altera Info: # -- Loading package TEXTIO
ModelSim-Altera Info: # -- Loading package std_logic_1164
ModelSim-Altera Info: # -- Loading package VITAL_Timing
ModelSim-Altera Info: # -- Loading package VITAL_Primitives
ModelSim-Altera Info: # -- Loading package cycloneii_atom_pack
ModelSim-Altera Info: # -- Loading package cycloneii_components
ModelSim-Altera Info: # -- Compiling entity recordador
ModelSim-Altera Info: # -- Compiling architecture structure of recordador
ModelSim-Altera Info: # 
ModelSim-Altera Info: vsim work.recordador
ModelSim-Altera Info: # vsim work.recordador 
ModelSim-Altera Info: # Loading std.standard
ModelSim-Altera Info: # Loading std.textio(body)
ModelSim-Altera Info: # Loading ieee.std_logic_1164(body)
ModelSim-Altera Info: # Loading ieee.vital_timing(body)
ModelSim-Altera Info: # Loading ieee.vital_primitives(body)
ModelSim-Altera Info: # Loading cycloneii.cycloneii_atom_pack(body)
ModelSim-Altera Info: # Loading cycloneii.cycloneii_components
ModelSim-Altera Info: # Loading work.recordador(structure)
ModelSim-Altera Info: # Loading ieee.std_logic_arith(body)
ModelSim-Altera Info: # Loading cycloneii.cycloneii_io(structure)
ModelSim-Altera Info: # Loading cycloneii.cycloneii_mux21(altvital)
ModelSim-Altera Info: # Loading cycloneii.cycloneii_dffe(behave)
ModelSim-Altera Info: # Loading cycloneii.cycloneii_asynch_io(behave)
ModelSim-Altera Info: # Loading cycloneii.cycloneii_lcell_comb(vital_lcell_comb)
ModelSim-Altera Info: # Loading cycloneii.cycloneii_clkctrl(vital_clkctrl)
ModelSim-Altera Info: # Loading cycloneii.cycloneii_ena_reg(behave)
ModelSim-Altera Info: # Loading cycloneii.cycloneii_lcell_ff(vital_lcell_ff)
ModelSim-Altera Info: # Loading cycloneii.cycloneii_and1(altvital)
ModelSim-Altera Info: vsim work.recordador
ModelSim-Altera Info: # vsim work.recordador 
ModelSim-Altera Info: # Loading std.standard
ModelSim-Altera Info: # Loading std.textio(body)
ModelSim-Altera Info: # Loading ieee.std_logic_1164(body)
ModelSim-Altera Info: # Loading ieee.vital_timing(body)
ModelSim-Altera Info: # Loading ieee.vital_primitives(body)
ModelSim-Altera Info: # Loading cycloneii.cycloneii_atom_pack(body)
ModelSim-Altera Info: # Loading cycloneii.cycloneii_components
ModelSim-Altera Info: # Loading work.recordador(structure)
ModelSim-Altera Info: # Loading ieee.std_logic_arith(body)
ModelSim-Altera Info: # Loading cycloneii.cycloneii_io(structure)
ModelSim-Altera Info: # Loading cycloneii.cycloneii_mux21(altvital)
ModelSim-Altera Info: # Loading cycloneii.cycloneii_dffe(behave)
ModelSim-Altera Info: # Loading cycloneii.cycloneii_asynch_io(behave)
ModelSim-Altera Info: # Loading cycloneii.cycloneii_lcell_comb(vital_lcell_comb)
ModelSim-Altera Info: # Loading cycloneii.cycloneii_clkctrl(vital_clkctrl)
ModelSim-Altera Info: # Loading cycloneii.cycloneii_ena_reg(behave)
ModelSim-Altera Info: # Loading cycloneii.cycloneii_lcell_ff(vital_lcell_ff)
ModelSim-Altera Info: # Loading cycloneii.cycloneii_and1(altvital)
ModelSim-Altera Info: add wave -position end  sim:/recordador/q5
ModelSim-Altera Info: add wave -position end  sim:/recordador/write
ModelSim-Altera Info: add wave -position end  sim:/recordador/clk
ModelSim-Altera Info: add wave -position end  sim:/recordador/a
ModelSim-Altera Info: add wave -position end  sim:/recordador/q4
ModelSim-Altera Info: add wave -position end  sim:/recordador/b
ModelSim-Altera Info: add wave -position end  sim:/recordador/q3
ModelSim-Altera Info: add wave -position end  sim:/recordador/c
ModelSim-Altera Info: add wave -position end  sim:/recordador/q2
ModelSim-Altera Info: add wave -position end  sim:/recordador/d
ModelSim-Altera Info: add wave -position end  sim:/recordador/q1
ModelSim-Altera Info: add wave -position end  sim:/recordador/e
ModelSim-Altera Info: add wave -position end  sim:/recordador/q0
ModelSim-Altera Info: add wave -position end  sim:/recordador/f
ModelSim-Altera Info: force -freeze sim:/recordador/write 1 0
ModelSim-Altera Info: force -freeze sim:/recordador/clk 1 0, 0 {50 ps} -r 100
ModelSim-Altera Info: force -freeze sim:/recordador/a 0 0
ModelSim-Altera Info: force -freeze sim:/recordador/b 0 0
ModelSim-Altera Info: force -freeze sim:/recordador/c 0 0
ModelSim-Altera Info: force -freeze sim:/recordador/d 0 0
ModelSim-Altera Info: force -freeze sim:/recordador/e 0 0
ModelSim-Altera Info: force -freeze sim:/recordador/f 0 0
ModelSim-Altera Info: run
ModelSim-Altera Info: run
ModelSim-Altera Info: run
ModelSim-Altera Info: force -freeze sim:/recordador/a 1 0
ModelSim-Altera Info: run
ModelSim-Altera Info: run
ModelSim-Altera Info: force -freeze sim:/recordador/write 0 0
ModelSim-Altera Info: run
ModelSim-Altera Info: run
ModelSim-Altera Info: run
ModelSim-Altera Info: force -freeze sim:/recordador/a 0 0
ModelSim-Altera Info: run
ModelSim-Altera Info: run
ModelSim-Altera Info: run
Info: NativeLink simulation flow was successful
