Info: Start Nativelink Simulation process

========= EDA Simulation Settings =====================

Sim Mode              :  Gate
Family                :  cycloneii
Quartus root          :  e:/programas/quartus2/quartus/bin64/
Quartus sim root      :  e:/programas/quartus2/quartus/eda/sim_lib
Simulation Tool       :  modelsim-altera
Simulation Language   :  vhdl
Version               :  93
Simulation Mode       :  GUI
Sim Output File       :  mostrar_palabras.vho
Sim SDF file          :  mostrar_palabras__vhdl.sdo
Sim dir               :  simulation\modelsim

=======================================================

Info: Starting NativeLink simulation with ModelSim-Altera software
Sourced NativeLink script e:/programas/quartus2/quartus/common/tcl/internal/nativelink/modelsim.tcl
Warning: File mostrar_palabras_run_msim_gate_vhdl.do already exists - backing up current file as mostrar_palabras_run_msim_gate_vhdl.do.bak1
Probing transcript
ModelSim-Altera Info: # Reading E:/Programas/quartus2/modelsim_ase/tcl/vsim/pref.tcl 
ModelSim-Altera Info: # do mostrar_palabras_run_msim_gate_vhdl.do 
ModelSim-Altera Info: # if {[file exists gate_work]} {
ModelSim-Altera Info: # 	vdel -lib gate_work -all
ModelSim-Altera Info: # }
ModelSim-Altera Info: # vlib gate_work
ModelSim-Altera Info: # vmap work gate_work
ModelSim-Altera Info: # Copying E:\Programas\quartus2\modelsim_ase\win32aloem/../modelsim.ini to modelsim.ini
ModelSim-Altera Info: # Modifying modelsim.ini
ModelSim-Altera Warning: # ** Warning: Copied E:\Programas\quartus2\modelsim_ase\win32aloem/../modelsim.ini to modelsim.ini.
ModelSim-Altera Info: #          Updated modelsim.ini.
ModelSim-Altera Info: # 
ModelSim-Altera Info: # vcom -93 -work work {mostrar_palabras.vho}
ModelSim-Altera Info: # Model Technology ModelSim ALTERA vcom 10.1d Compiler 2012.11 Nov  2 2012
ModelSim-Altera Info: # -- Loading package STANDARD
ModelSim-Altera Info: # -- Loading package TEXTIO
ModelSim-Altera Info: # -- Loading package std_logic_1164
ModelSim-Altera Info: # -- Loading package VITAL_Timing
ModelSim-Altera Info: # -- Loading package VITAL_Primitives
ModelSim-Altera Info: # -- Loading package cycloneii_atom_pack
ModelSim-Altera Info: # -- Loading package cycloneii_components
ModelSim-Altera Info: # -- Compiling entity mostrar_palabras
ModelSim-Altera Info: # -- Compiling architecture structure of mostrar_palabras
ModelSim-Altera Info: # 
ModelSim-Altera Info: vsim work.mostrar_palabras
ModelSim-Altera Info: # vsim work.mostrar_palabras 
ModelSim-Altera Info: # Loading std.standard
ModelSim-Altera Info: # Loading std.textio(body)
ModelSim-Altera Info: # Loading ieee.std_logic_1164(body)
ModelSim-Altera Info: # Loading ieee.vital_timing(body)
ModelSim-Altera Info: # Loading ieee.vital_primitives(body)
ModelSim-Altera Info: # Loading cycloneii.cycloneii_atom_pack(body)
ModelSim-Altera Info: # Loading cycloneii.cycloneii_components
ModelSim-Altera Info: # Loading work.mostrar_palabras(structure)
ModelSim-Altera Info: # Loading ieee.std_logic_arith(body)
ModelSim-Altera Info: # Loading cycloneii.cycloneii_io(structure)
ModelSim-Altera Info: # Loading cycloneii.cycloneii_mux21(altvital)
ModelSim-Altera Info: # Loading cycloneii.cycloneii_dffe(behave)
ModelSim-Altera Info: # Loading cycloneii.cycloneii_asynch_io(behave)
ModelSim-Altera Info: # Loading cycloneii.cycloneii_clkctrl(vital_clkctrl)
ModelSim-Altera Info: # Loading cycloneii.cycloneii_ena_reg(behave)
ModelSim-Altera Info: # Loading cycloneii.cycloneii_ram_block(block_arch)
ModelSim-Altera Info: # Loading cycloneii.cycloneii_ram_register(reg_arch)
ModelSim-Altera Info: # Loading cycloneii.cycloneii_ram_pulse_generator(pgen_arch)
ModelSim-Altera Info: add wave -position end  sim:/mostrar_palabras/pin_name1
ModelSim-Altera Info: add wave -position end  sim:/mostrar_palabras/p1
ModelSim-Altera Info: add wave -position end  sim:/mostrar_palabras/p2
ModelSim-Altera Info: add wave -position end  sim:/mostrar_palabras/p3
ModelSim-Altera Info: add wave -position end  sim:/mostrar_palabras/p4
ModelSim-Altera Info: add wave -position end  sim:/mostrar_palabras/clk
ModelSim-Altera Info: add wave -position end  sim:/mostrar_palabras/pin_name2
ModelSim-Altera Info: add wave -position end  sim:/mostrar_palabras/pin_name3
ModelSim-Altera Info: add wave -position end  sim:/mostrar_palabras/pin_name4
ModelSim-Altera Info: add wave -position end  sim:/mostrar_palabras/pin_name5
ModelSim-Altera Info: add wave -position end  sim:/mostrar_palabras/pin_name6
ModelSim-Altera Info: add wave -position end  sim:/mostrar_palabras/pin_name7
ModelSim-Altera Info: add wave -position end  sim:/mostrar_palabras/pin_name8
ModelSim-Altera Info: add wave -position end  sim:/mostrar_palabras/pin_name9
ModelSim-Altera Info: add wave -position end  sim:/mostrar_palabras/pin_name10
ModelSim-Altera Info: add wave -position end  sim:/mostrar_palabras/pin_name11
ModelSim-Altera Info: add wave -position end  sim:/mostrar_palabras/pin_name12
ModelSim-Altera Info: add wave -position end  sim:/mostrar_palabras/pin_name13
ModelSim-Altera Info: add wave -position end  sim:/mostrar_palabras/pin_name14
ModelSim-Altera Info: add wave -position end  sim:/mostrar_palabras/pin_name15
ModelSim-Altera Info: add wave -position end  sim:/mostrar_palabras/pin_name16
ModelSim-Altera Info: add wave -position end  sim:/mostrar_palabras/pin_name17
ModelSim-Altera Info: add wave -position end  sim:/mostrar_palabras/pin_name18
ModelSim-Altera Info: add wave -position end  sim:/mostrar_palabras/pin_name19
ModelSim-Altera Info: add wave -position end  sim:/mostrar_palabras/pin_name20
ModelSim-Altera Info: add wave -position end  sim:/mostrar_palabras/pin_name21
ModelSim-Altera Info: add wave -position end  sim:/mostrar_palabras/pin_name22
ModelSim-Altera Info: add wave -position end  sim:/mostrar_palabras/pin_name23
ModelSim-Altera Info: add wave -position end  sim:/mostrar_palabras/pin_name24
ModelSim-Altera Info: add wave -position end  sim:/mostrar_palabras/pin_name25
ModelSim-Altera Info: add wave -position end  sim:/mostrar_palabras/pin_name26
ModelSim-Altera Info: add wave -position end  sim:/mostrar_palabras/pin_name27
ModelSim-Altera Info: add wave -position end  sim:/mostrar_palabras/pin_name28
ModelSim-Altera Info: force -freeze sim:/mostrar_palabras/clk 1 0, 0 {50 ps} -r 100
ModelSim-Altera Info: force -freeze sim:/mostrar_palabras/p1 0 0
ModelSim-Altera Info: force -freeze sim:/mostrar_palabras/p2 0 0
ModelSim-Altera Info: force -freeze sim:/mostrar_palabras/p3 0 0
ModelSim-Altera Info: force -freeze sim:/mostrar_palabras/p4 0 0
ModelSim-Altera Info: run
ModelSim-Altera Info: run
ModelSim-Altera Info: run
ModelSim-Altera Info: run
ModelSim-Altera Info: run
ModelSim-Altera Info: run
Info: NativeLink simulation flow was successful
