Analysis & Synthesis report for mostrar_palabras
Thu May 11 19:17:23 2023
Quartus II 64-Bit Version 13.0.1 Build 232 06/12/2013 Service Pack 1 SJ Web Edition


---------------------
; Table of Contents ;
---------------------
  1. Legal Notice
  2. Analysis & Synthesis Summary
  3. Analysis & Synthesis Settings
  4. Parallel Compilation
  5. Analysis & Synthesis Source Files Read
  6. Analysis & Synthesis Resource Usage Summary
  7. Analysis & Synthesis Resource Utilization by Entity
  8. Analysis & Synthesis RAM Summary
  9. Analysis & Synthesis IP Cores Summary
 10. General Register Statistics
 11. Source assignments for bin_a_display:inst2|rom_letras:inst|altsyncram:altsyncram_component|altsyncram_f271:auto_generated
 12. Source assignments for bin_palabra:inst|rom_palabras:inst|altsyncram:altsyncram_component|altsyncram_q971:auto_generated
 13. Source assignments for bin_a_display:inst3|rom_letras:inst|altsyncram:altsyncram_component|altsyncram_f271:auto_generated
 14. Source assignments for bin_a_display:inst4|rom_letras:inst|altsyncram:altsyncram_component|altsyncram_f271:auto_generated
 15. Source assignments for bin_a_display:inst5|rom_letras:inst|altsyncram:altsyncram_component|altsyncram_f271:auto_generated
 16. Parameter Settings for User Entity Instance: bin_a_display:inst2|rom_letras:inst|altsyncram:altsyncram_component
 17. Parameter Settings for User Entity Instance: bin_palabra:inst|rom_palabras:inst|altsyncram:altsyncram_component
 18. Parameter Settings for User Entity Instance: bin_a_display:inst3|rom_letras:inst|altsyncram:altsyncram_component
 19. Parameter Settings for User Entity Instance: bin_a_display:inst4|rom_letras:inst|altsyncram:altsyncram_component
 20. Parameter Settings for User Entity Instance: bin_a_display:inst5|rom_letras:inst|altsyncram:altsyncram_component
 21. altsyncram Parameter Settings by Entity Instance
 22. Elapsed Time Per Partition
 23. Analysis & Synthesis Messages



----------------
; Legal Notice ;
----------------
Copyright (C) 1991-2013 Altera Corporation
Your use of Altera Corporation's design tools, logic functions 
and other software and tools, and its AMPP partner logic 
functions, and any output files from any of the foregoing 
(including device programming or simulation files), and any 
associated documentation or information are expressly subject 
to the terms and conditions of the Altera Program License 
Subscription Agreement, Altera MegaCore Function License 
Agreement, or other applicable license agreement, including, 
without limitation, that your use is for the sole purpose of 
programming logic devices manufactured by Altera and sold by 
Altera or its authorized distributors.  Please refer to the 
applicable agreement for further details.



+--------------------------------------------------------------------------------------+
; Analysis & Synthesis Summary                                                         ;
+------------------------------------+-------------------------------------------------+
; Analysis & Synthesis Status        ; Successful - Thu May 11 19:17:23 2023           ;
; Quartus II 64-Bit Version          ; 13.0.1 Build 232 06/12/2013 SP 1 SJ Web Edition ;
; Revision Name                      ; mostrar_palabras                                ;
; Top-level Entity Name              ; mostrar_palabras                                ;
; Family                             ; Cyclone II                                      ;
; Total logic elements               ; 0                                               ;
;     Total combinational functions  ; 0                                               ;
;     Dedicated logic registers      ; 0                                               ;
; Total registers                    ; 0                                               ;
; Total pins                         ; 33                                              ;
; Total virtual pins                 ; 0                                               ;
; Total memory bits                  ; 704                                             ;
; Embedded Multiplier 9-bit elements ; 0                                               ;
; Total PLLs                         ; 0                                               ;
+------------------------------------+-------------------------------------------------+


+----------------------------------------------------------------------------------------------------------------------+
; Analysis & Synthesis Settings                                                                                        ;
+----------------------------------------------------------------------------+--------------------+--------------------+
; Option                                                                     ; Setting            ; Default Value      ;
+----------------------------------------------------------------------------+--------------------+--------------------+
; Top-level entity name                                                      ; mostrar_palabras   ; mostrar_palabras   ;
; Family name                                                                ; Cyclone II         ; Cyclone IV GX      ;
; Use smart compilation                                                      ; Off                ; Off                ;
; Enable parallel Assembler and TimeQuest Timing Analyzer during compilation ; On                 ; On                 ;
; Enable compact report table                                                ; Off                ; Off                ;
; Restructure Multiplexers                                                   ; Auto               ; Auto               ;
; Create Debugging Nodes for IP Cores                                        ; Off                ; Off                ;
; Preserve fewer node names                                                  ; On                 ; On                 ;
; Disable OpenCore Plus hardware evaluation                                  ; Off                ; Off                ;
; Verilog Version                                                            ; Verilog_2001       ; Verilog_2001       ;
; VHDL Version                                                               ; VHDL_1993          ; VHDL_1993          ;
; State Machine Processing                                                   ; Auto               ; Auto               ;
; Safe State Machine                                                         ; Off                ; Off                ;
; Extract Verilog State Machines                                             ; On                 ; On                 ;
; Extract VHDL State Machines                                                ; On                 ; On                 ;
; Ignore Verilog initial constructs                                          ; Off                ; Off                ;
; Iteration limit for constant Verilog loops                                 ; 5000               ; 5000               ;
; Iteration limit for non-constant Verilog loops                             ; 250                ; 250                ;
; Add Pass-Through Logic to Inferred RAMs                                    ; On                 ; On                 ;
; Infer RAMs from Raw Logic                                                  ; On                 ; On                 ;
; Parallel Synthesis                                                         ; On                 ; On                 ;
; DSP Block Balancing                                                        ; Auto               ; Auto               ;
; NOT Gate Push-Back                                                         ; On                 ; On                 ;
; Power-Up Don't Care                                                        ; On                 ; On                 ;
; Remove Redundant Logic Cells                                               ; Off                ; Off                ;
; Remove Duplicate Registers                                                 ; On                 ; On                 ;
; Ignore CARRY Buffers                                                       ; Off                ; Off                ;
; Ignore CASCADE Buffers                                                     ; Off                ; Off                ;
; Ignore GLOBAL Buffers                                                      ; Off                ; Off                ;
; Ignore ROW GLOBAL Buffers                                                  ; Off                ; Off                ;
; Ignore LCELL Buffers                                                       ; Off                ; Off                ;
; Ignore SOFT Buffers                                                        ; On                 ; On                 ;
; Limit AHDL Integers to 32 Bits                                             ; Off                ; Off                ;
; Optimization Technique                                                     ; Balanced           ; Balanced           ;
; Carry Chain Length                                                         ; 70                 ; 70                 ;
; Auto Carry Chains                                                          ; On                 ; On                 ;
; Auto Open-Drain Pins                                                       ; On                 ; On                 ;
; Perform WYSIWYG Primitive Resynthesis                                      ; Off                ; Off                ;
; Auto ROM Replacement                                                       ; On                 ; On                 ;
; Auto RAM Replacement                                                       ; On                 ; On                 ;
; Auto Shift Register Replacement                                            ; Auto               ; Auto               ;
; Allow Shift Register Merging across Hierarchies                            ; Auto               ; Auto               ;
; Auto Clock Enable Replacement                                              ; On                 ; On                 ;
; Strict RAM Replacement                                                     ; Off                ; Off                ;
; Allow Synchronous Control Signals                                          ; On                 ; On                 ;
; Force Use of Synchronous Clear Signals                                     ; Off                ; Off                ;
; Auto RAM to Logic Cell Conversion                                          ; Off                ; Off                ;
; Auto Resource Sharing                                                      ; Off                ; Off                ;
; Allow Any RAM Size For Recognition                                         ; Off                ; Off                ;
; Allow Any ROM Size For Recognition                                         ; Off                ; Off                ;
; Allow Any Shift Register Size For Recognition                              ; Off                ; Off                ;
; Use LogicLock Constraints during Resource Balancing                        ; On                 ; On                 ;
; Ignore translate_off and synthesis_off directives                          ; Off                ; Off                ;
; Timing-Driven Synthesis                                                    ; Off                ; Off                ;
; Report Parameter Settings                                                  ; On                 ; On                 ;
; Report Source Assignments                                                  ; On                 ; On                 ;
; Report Connectivity Checks                                                 ; On                 ; On                 ;
; Ignore Maximum Fan-Out Assignments                                         ; Off                ; Off                ;
; Synchronization Register Chain Length                                      ; 2                  ; 2                  ;
; PowerPlay Power Optimization                                               ; Normal compilation ; Normal compilation ;
; HDL message level                                                          ; Level2             ; Level2             ;
; Suppress Register Optimization Related Messages                            ; Off                ; Off                ;
; Number of Removed Registers Reported in Synthesis Report                   ; 5000               ; 5000               ;
; Number of Swept Nodes Reported in Synthesis Report                         ; 5000               ; 5000               ;
; Number of Inverted Registers Reported in Synthesis Report                  ; 100                ; 100                ;
; Clock MUX Protection                                                       ; On                 ; On                 ;
; Auto Gated Clock Conversion                                                ; Off                ; Off                ;
; Block Design Naming                                                        ; Auto               ; Auto               ;
; SDC constraint protection                                                  ; Off                ; Off                ;
; Synthesis Effort                                                           ; Auto               ; Auto               ;
; Shift Register Replacement - Allow Asynchronous Clear Signal               ; On                 ; On                 ;
; Pre-Mapping Resynthesis Optimization                                       ; Off                ; Off                ;
; Analysis & Synthesis Message Level                                         ; Medium             ; Medium             ;
; Disable Register Merging Across Hierarchies                                ; Auto               ; Auto               ;
; Resource Aware Inference For Block RAM                                     ; On                 ; On                 ;
; Synthesis Seed                                                             ; 1                  ; 1                  ;
+----------------------------------------------------------------------------+--------------------+--------------------+


Parallel compilation was disabled, but you have multiple processors available. Enable parallel compilation to reduce compilation time.
+-------------------------------------+
; Parallel Compilation                ;
+----------------------------+--------+
; Processors                 ; Number ;
+----------------------------+--------+
; Number detected on machine ; 6      ;
; Maximum allowed            ; 1      ;
+----------------------------+--------+


+---------------------------------------------------------------------------------------------------------------------------------------------------------------------------------------+
; Analysis & Synthesis Source Files Read                                                                                                                                                ;
+----------------------------------+-----------------+------------------------------------------+-----------------------------------------------------------------------------+---------+
; File Name with User-Entered Path ; Used in Netlist ; File Type                                ; File Name with Absolute Path                                                ; Library ;
+----------------------------------+-----------------+------------------------------------------+-----------------------------------------------------------------------------+---------+
; mostrar_palabras.bdf             ; yes             ; User Block Diagram/Schematic File        ; E:/projects/quartus2/mostrar_palabras/mostrar_palabras.bdf                  ;         ;
; bin_a_display.bdf                ; yes             ; Auto-Found Block Diagram/Schematic File  ; E:/projects/quartus2/mostrar_palabras/bin_a_display.bdf                     ;         ;
; rom_letras.vhd                   ; yes             ; Auto-Found Wizard-Generated File         ; E:/projects/quartus2/mostrar_palabras/rom_letras.vhd                        ;         ;
; altsyncram.tdf                   ; yes             ; Megafunction                             ; e:/programas/quartus2/quartus/libraries/megafunctions/altsyncram.tdf        ;         ;
; stratix_ram_block.inc            ; yes             ; Megafunction                             ; e:/programas/quartus2/quartus/libraries/megafunctions/stratix_ram_block.inc ;         ;
; lpm_mux.inc                      ; yes             ; Megafunction                             ; e:/programas/quartus2/quartus/libraries/megafunctions/lpm_mux.inc           ;         ;
; lpm_decode.inc                   ; yes             ; Megafunction                             ; e:/programas/quartus2/quartus/libraries/megafunctions/lpm_decode.inc        ;         ;
; aglobal130.inc                   ; yes             ; Megafunction                             ; e:/programas/quartus2/quartus/libraries/megafunctions/aglobal130.inc        ;         ;
; a_rdenreg.inc                    ; yes             ; Megafunction                             ; e:/programas/quartus2/quartus/libraries/megafunctions/a_rdenreg.inc         ;         ;
; altrom.inc                       ; yes             ; Megafunction                             ; e:/programas/quartus2/quartus/libraries/megafunctions/altrom.inc            ;         ;
; altram.inc                       ; yes             ; Megafunction                             ; e:/programas/quartus2/quartus/libraries/megafunctions/altram.inc            ;         ;
; altdpram.inc                     ; yes             ; Megafunction                             ; e:/programas/quartus2/quartus/libraries/megafunctions/altdpram.inc          ;         ;
; db/altsyncram_f271.tdf           ; yes             ; Auto-Generated Megafunction              ; E:/projects/quartus2/mostrar_palabras/db/altsyncram_f271.tdf                ;         ;
; letras.hex                       ; yes             ; Auto-Found Memory Initialization File    ; E:/projects/quartus2/mostrar_palabras/letras.hex                            ;         ;
; bin_palabra.bdf                  ; yes             ; Auto-Found Block Diagram/Schematic File  ; E:/projects/quartus2/mostrar_palabras/bin_palabra.bdf                       ;         ;
; rom_palabras.vhd                 ; yes             ; Auto-Found Wizard-Generated File         ; E:/projects/quartus2/mostrar_palabras/rom_palabras.vhd                      ;         ;
; db/altsyncram_q971.tdf           ; yes             ; Auto-Generated Megafunction              ; E:/projects/quartus2/mostrar_palabras/db/altsyncram_q971.tdf                ;         ;
; palabras.hex                     ; yes             ; Auto-Found Memory Initialization File    ; E:/projects/quartus2/mostrar_palabras/palabras.hex                          ;         ;
+----------------------------------+-----------------+------------------------------------------+-----------------------------------------------------------------------------+---------+


+-----------------------------------------------------+
; Analysis & Synthesis Resource Usage Summary         ;
+---------------------------------------------+-------+
; Resource                                    ; Usage ;
+---------------------------------------------+-------+
;                                             ;       ;
; Total combinational functions               ; 0     ;
; Logic element usage by number of LUT inputs ;       ;
;     -- 4 input functions                    ; 0     ;
;     -- 3 input functions                    ; 0     ;
;     -- <=2 input functions                  ; 0     ;
;                                             ;       ;
; Logic elements by mode                      ;       ;
;     -- normal mode                          ; 0     ;
;     -- arithmetic mode                      ; 0     ;
;                                             ;       ;
; Total registers                             ; 0     ;
;     -- Dedicated logic registers            ; 0     ;
;     -- I/O registers                        ; 0     ;
;                                             ;       ;
; I/O pins                                    ; 33    ;
; Total memory bits                           ; 704   ;
; Embedded Multiplier 9-bit elements          ; 0     ;
; Maximum fan-out node                        ; clk   ;
; Maximum fan-out                             ; 44    ;
; Total fan-out                               ; 248   ;
; Average fan-out                             ; 3.22  ;
+---------------------------------------------+-------+


+------------------------------------------------------------------------------------------------------------------------------------------------------------------------------------------------------------------------------------------------------------------------------------------------+
; Analysis & Synthesis Resource Utilization by Entity                                                                                                                                                                                                                                            ;
+----------------------------------------------+-------------------+--------------+-------------+--------------+---------+-----------+------+--------------+----------------------------------------------------------------------------------------------------------------------+--------------+
; Compilation Hierarchy Node                   ; LC Combinationals ; LC Registers ; Memory Bits ; DSP Elements ; DSP 9x9 ; DSP 18x18 ; Pins ; Virtual Pins ; Full Hierarchy Name                                                                                                  ; Library Name ;
+----------------------------------------------+-------------------+--------------+-------------+--------------+---------+-----------+------+--------------+----------------------------------------------------------------------------------------------------------------------+--------------+
; |mostrar_palabras                            ; 0 (0)             ; 0 (0)        ; 704         ; 0            ; 0       ; 0         ; 33   ; 0            ; |mostrar_palabras                                                                                                    ; work         ;
;    |bin_a_display:inst2|                     ; 0 (0)             ; 0 (0)        ; 112         ; 0            ; 0       ; 0         ; 0    ; 0            ; |mostrar_palabras|bin_a_display:inst2                                                                                ; work         ;
;       |rom_letras:inst|                      ; 0 (0)             ; 0 (0)        ; 112         ; 0            ; 0       ; 0         ; 0    ; 0            ; |mostrar_palabras|bin_a_display:inst2|rom_letras:inst                                                                ; work         ;
;          |altsyncram:altsyncram_component|   ; 0 (0)             ; 0 (0)        ; 112         ; 0            ; 0       ; 0         ; 0    ; 0            ; |mostrar_palabras|bin_a_display:inst2|rom_letras:inst|altsyncram:altsyncram_component                                ; work         ;
;             |altsyncram_f271:auto_generated| ; 0 (0)             ; 0 (0)        ; 112         ; 0            ; 0       ; 0         ; 0    ; 0            ; |mostrar_palabras|bin_a_display:inst2|rom_letras:inst|altsyncram:altsyncram_component|altsyncram_f271:auto_generated ; work         ;
;    |bin_a_display:inst3|                     ; 0 (0)             ; 0 (0)        ; 112         ; 0            ; 0       ; 0         ; 0    ; 0            ; |mostrar_palabras|bin_a_display:inst3                                                                                ; work         ;
;       |rom_letras:inst|                      ; 0 (0)             ; 0 (0)        ; 112         ; 0            ; 0       ; 0         ; 0    ; 0            ; |mostrar_palabras|bin_a_display:inst3|rom_letras:inst                                                                ; work         ;
;          |altsyncram:altsyncram_component|   ; 0 (0)             ; 0 (0)        ; 112         ; 0            ; 0       ; 0         ; 0    ; 0            ; |mostrar_palabras|bin_a_display:inst3|rom_letras:inst|altsyncram:altsyncram_component                                ; work         ;
;             |altsyncram_f271:auto_generated| ; 0 (0)             ; 0 (0)        ; 112         ; 0            ; 0       ; 0         ; 0    ; 0            ; |mostrar_palabras|bin_a_display:inst3|rom_letras:inst|altsyncram:altsyncram_component|altsyncram_f271:auto_generated ; work         ;
;    |bin_a_display:inst4|                     ; 0 (0)             ; 0 (0)        ; 112         ; 0            ; 0       ; 0         ; 0    ; 0            ; |mostrar_palabras|bin_a_display:inst4                                                                                ; work         ;
;       |rom_letras:inst|                      ; 0 (0)             ; 0 (0)        ; 112         ; 0            ; 0       ; 0         ; 0    ; 0            ; |mostrar_palabras|bin_a_display:inst4|rom_letras:inst                                                                ; work         ;
;          |altsyncram:altsyncram_component|   ; 0 (0)             ; 0 (0)        ; 112         ; 0            ; 0       ; 0         ; 0    ; 0            ; |mostrar_palabras|bin_a_display:inst4|rom_letras:inst|altsyncram:altsyncram_component                                ; work         ;
;             |altsyncram_f271:auto_generated| ; 0 (0)             ; 0 (0)        ; 112         ; 0            ; 0       ; 0         ; 0    ; 0            ; |mostrar_palabras|bin_a_display:inst4|rom_letras:inst|altsyncram:altsyncram_component|altsyncram_f271:auto_generated ; work         ;
;    |bin_a_display:inst5|                     ; 0 (0)             ; 0 (0)        ; 112         ; 0            ; 0       ; 0         ; 0    ; 0            ; |mostrar_palabras|bin_a_display:inst5                                                                                ; work         ;
;       |rom_letras:inst|                      ; 0 (0)             ; 0 (0)        ; 112         ; 0            ; 0       ; 0         ; 0    ; 0            ; |mostrar_palabras|bin_a_display:inst5|rom_letras:inst                                                                ; work         ;
;          |altsyncram:altsyncram_component|   ; 0 (0)             ; 0 (0)        ; 112         ; 0            ; 0       ; 0         ; 0    ; 0            ; |mostrar_palabras|bin_a_display:inst5|rom_letras:inst|altsyncram:altsyncram_component                                ; work         ;
;             |altsyncram_f271:auto_generated| ; 0 (0)             ; 0 (0)        ; 112         ; 0            ; 0       ; 0         ; 0    ; 0            ; |mostrar_palabras|bin_a_display:inst5|rom_letras:inst|altsyncram:altsyncram_component|altsyncram_f271:auto_generated ; work         ;
;    |bin_palabra:inst|                        ; 0 (0)             ; 0 (0)        ; 256         ; 0            ; 0       ; 0         ; 0    ; 0            ; |mostrar_palabras|bin_palabra:inst                                                                                   ; work         ;
;       |rom_palabras:inst|                    ; 0 (0)             ; 0 (0)        ; 256         ; 0            ; 0       ; 0         ; 0    ; 0            ; |mostrar_palabras|bin_palabra:inst|rom_palabras:inst                                                                 ; work         ;
;          |altsyncram:altsyncram_component|   ; 0 (0)             ; 0 (0)        ; 256         ; 0            ; 0       ; 0         ; 0    ; 0            ; |mostrar_palabras|bin_palabra:inst|rom_palabras:inst|altsyncram:altsyncram_component                                 ; work         ;
;             |altsyncram_q971:auto_generated| ; 0 (0)             ; 0 (0)        ; 256         ; 0            ; 0       ; 0         ; 0    ; 0            ; |mostrar_palabras|bin_palabra:inst|rom_palabras:inst|altsyncram:altsyncram_component|altsyncram_q971:auto_generated  ; work         ;
+----------------------------------------------+-------------------+--------------+-------------+--------------+---------+-----------+------+--------------+----------------------------------------------------------------------------------------------------------------------+--------------+
Note: For table entries with two numbers listed, the numbers in parentheses indicate the number of resources of the given type used by the specific entity alone. The numbers listed outside of parentheses indicate the total resources of the given type used by the specific entity and all of its sub-entities in the hierarchy.


+---------------------------------------------------------------------------------------------------------------------------------------------------------------------------------------------------------------+
; Analysis & Synthesis RAM Summary                                                                                                                                                                              ;
+---------------------------------------------------------------------------------------------------------------+------+------+--------------+--------------+--------------+--------------+------+--------------+
; Name                                                                                                          ; Type ; Mode ; Port A Depth ; Port A Width ; Port B Depth ; Port B Width ; Size ; MIF          ;
+---------------------------------------------------------------------------------------------------------------+------+------+--------------+--------------+--------------+--------------+------+--------------+
; bin_a_display:inst2|rom_letras:inst|altsyncram:altsyncram_component|altsyncram_f271:auto_generated|ALTSYNCRAM ; AUTO ; ROM  ; 16           ; 7            ; --           ; --           ; 112  ; letras.hex   ;
; bin_a_display:inst3|rom_letras:inst|altsyncram:altsyncram_component|altsyncram_f271:auto_generated|ALTSYNCRAM ; AUTO ; ROM  ; 16           ; 7            ; --           ; --           ; 112  ; letras.hex   ;
; bin_a_display:inst4|rom_letras:inst|altsyncram:altsyncram_component|altsyncram_f271:auto_generated|ALTSYNCRAM ; AUTO ; ROM  ; 16           ; 7            ; --           ; --           ; 112  ; letras.hex   ;
; bin_a_display:inst5|rom_letras:inst|altsyncram:altsyncram_component|altsyncram_f271:auto_generated|ALTSYNCRAM ; AUTO ; ROM  ; 16           ; 7            ; --           ; --           ; 112  ; letras.hex   ;
; bin_palabra:inst|rom_palabras:inst|altsyncram:altsyncram_component|altsyncram_q971:auto_generated|ALTSYNCRAM  ; AUTO ; ROM  ; 16           ; 16           ; --           ; --           ; 256  ; palabras.hex ;
+---------------------------------------------------------------------------------------------------------------+------+------+--------------+--------------+--------------+--------------+------+--------------+


+--------------------------------------------------------------------------------------------------------------------------------------------------------------------------------+
; Analysis & Synthesis IP Cores Summary                                                                                                                                          ;
+--------+--------------+---------+--------------+--------------+-------------------------------------------------------+--------------------------------------------------------+
; Vendor ; IP Core Name ; Version ; Release Date ; License Type ; Entity Instance                                       ; IP Include File                                        ;
+--------+--------------+---------+--------------+--------------+-------------------------------------------------------+--------------------------------------------------------+
; Altera ; ROM: 1-PORT  ; N/A     ; N/A          ; N/A          ; |mostrar_palabras|bin_palabra:inst|rom_palabras:inst  ; E:/projects/quartus2/mostrar_palabras/rom_palabras.vhd ;
; Altera ; ROM: 1-PORT  ; N/A     ; N/A          ; N/A          ; |mostrar_palabras|bin_a_display:inst2|rom_letras:inst ; E:/projects/quartus2/mostrar_palabras/rom_letras.vhd   ;
; Altera ; ROM: 1-PORT  ; N/A     ; N/A          ; N/A          ; |mostrar_palabras|bin_a_display:inst3|rom_letras:inst ; E:/projects/quartus2/mostrar_palabras/rom_letras.vhd   ;
; Altera ; ROM: 1-PORT  ; N/A     ; N/A          ; N/A          ; |mostrar_palabras|bin_a_display:inst4|rom_letras:inst ; E:/projects/quartus2/mostrar_palabras/rom_letras.vhd   ;
; Altera ; ROM: 1-PORT  ; N/A     ; N/A          ; N/A          ; |mostrar_palabras|bin_a_display:inst5|rom_letras:inst ; E:/projects/quartus2/mostrar_palabras/rom_letras.vhd   ;
+--------+--------------+---------+--------------+--------------+-------------------------------------------------------+--------------------------------------------------------+


+------------------------------------------------------+
; General Register Statistics                          ;
+----------------------------------------------+-------+
; Statistic                                    ; Value ;
+----------------------------------------------+-------+
; Total registers                              ; 0     ;
; Number of registers using Synchronous Clear  ; 0     ;
; Number of registers using Synchronous Load   ; 0     ;
; Number of registers using Asynchronous Clear ; 0     ;
; Number of registers using Asynchronous Load  ; 0     ;
; Number of registers using Clock Enable       ; 0     ;
; Number of registers using Preset             ; 0     ;
+----------------------------------------------+-------+


+---------------------------------------------------------------------------------------------------------------------------+
; Source assignments for bin_a_display:inst2|rom_letras:inst|altsyncram:altsyncram_component|altsyncram_f271:auto_generated ;
+---------------------------------+--------------------+------+-------------------------------------------------------------+
; Assignment                      ; Value              ; From ; To                                                          ;
+---------------------------------+--------------------+------+-------------------------------------------------------------+
; OPTIMIZE_POWER_DURING_SYNTHESIS ; NORMAL_COMPILATION ; -    ; -                                                           ;
+---------------------------------+--------------------+------+-------------------------------------------------------------+


+--------------------------------------------------------------------------------------------------------------------------+
; Source assignments for bin_palabra:inst|rom_palabras:inst|altsyncram:altsyncram_component|altsyncram_q971:auto_generated ;
+---------------------------------+--------------------+------+------------------------------------------------------------+
; Assignment                      ; Value              ; From ; To                                                         ;
+---------------------------------+--------------------+------+------------------------------------------------------------+
; OPTIMIZE_POWER_DURING_SYNTHESIS ; NORMAL_COMPILATION ; -    ; -                                                          ;
+---------------------------------+--------------------+------+------------------------------------------------------------+


+---------------------------------------------------------------------------------------------------------------------------+
; Source assignments for bin_a_display:inst3|rom_letras:inst|altsyncram:altsyncram_component|altsyncram_f271:auto_generated ;
+---------------------------------+--------------------+------+-------------------------------------------------------------+
; Assignment                      ; Value              ; From ; To                                                          ;
+---------------------------------+--------------------+------+-------------------------------------------------------------+
; OPTIMIZE_POWER_DURING_SYNTHESIS ; NORMAL_COMPILATION ; -    ; -                                                           ;
+---------------------------------+--------------------+------+-------------------------------------------------------------+


+---------------------------------------------------------------------------------------------------------------------------+
; Source assignments for bin_a_display:inst4|rom_letras:inst|altsyncram:altsyncram_component|altsyncram_f271:auto_generated ;
+---------------------------------+--------------------+------+-------------------------------------------------------------+
; Assignment                      ; Value              ; From ; To                                                          ;
+---------------------------------+--------------------+------+-------------------------------------------------------------+
; OPTIMIZE_POWER_DURING_SYNTHESIS ; NORMAL_COMPILATION ; -    ; -                                                           ;
+---------------------------------+--------------------+------+-------------------------------------------------------------+


+---------------------------------------------------------------------------------------------------------------------------+
; Source assignments for bin_a_display:inst5|rom_letras:inst|altsyncram:altsyncram_component|altsyncram_f271:auto_generated ;
+---------------------------------+--------------------+------+-------------------------------------------------------------+
; Assignment                      ; Value              ; From ; To                                                          ;
+---------------------------------+--------------------+------+-------------------------------------------------------------+
; OPTIMIZE_POWER_DURING_SYNTHESIS ; NORMAL_COMPILATION ; -    ; -                                                           ;
+---------------------------------+--------------------+------+-------------------------------------------------------------+


+------------------------------------------------------------------------------------------------------------------+
; Parameter Settings for User Entity Instance: bin_a_display:inst2|rom_letras:inst|altsyncram:altsyncram_component ;
+------------------------------------+----------------------+------------------------------------------------------+
; Parameter Name                     ; Value                ; Type                                                 ;
+------------------------------------+----------------------+------------------------------------------------------+
; BYTE_SIZE_BLOCK                    ; 8                    ; Untyped                                              ;
; AUTO_CARRY_CHAINS                  ; ON                   ; AUTO_CARRY                                           ;
; IGNORE_CARRY_BUFFERS               ; OFF                  ; IGNORE_CARRY                                         ;
; AUTO_CASCADE_CHAINS                ; ON                   ; AUTO_CASCADE                                         ;
; IGNORE_CASCADE_BUFFERS             ; OFF                  ; IGNORE_CASCADE                                       ;
; WIDTH_BYTEENA                      ; 1                    ; Untyped                                              ;
; OPERATION_MODE                     ; ROM                  ; Untyped                                              ;
; WIDTH_A                            ; 7                    ; Signed Integer                                       ;
; WIDTHAD_A                          ; 4                    ; Signed Integer                                       ;
; NUMWORDS_A                         ; 16                   ; Signed Integer                                       ;
; OUTDATA_REG_A                      ; CLOCK0               ; Untyped                                              ;
; ADDRESS_ACLR_A                     ; NONE                 ; Untyped                                              ;
; OUTDATA_ACLR_A                     ; NONE                 ; Untyped                                              ;
; WRCONTROL_ACLR_A                   ; NONE                 ; Untyped                                              ;
; INDATA_ACLR_A                      ; NONE                 ; Untyped                                              ;
; BYTEENA_ACLR_A                     ; NONE                 ; Untyped                                              ;
; WIDTH_B                            ; 1                    ; Untyped                                              ;
; WIDTHAD_B                          ; 1                    ; Untyped                                              ;
; NUMWORDS_B                         ; 1                    ; Untyped                                              ;
; INDATA_REG_B                       ; CLOCK1               ; Untyped                                              ;
; WRCONTROL_WRADDRESS_REG_B          ; CLOCK1               ; Untyped                                              ;
; RDCONTROL_REG_B                    ; CLOCK1               ; Untyped                                              ;
; ADDRESS_REG_B                      ; CLOCK1               ; Untyped                                              ;
; OUTDATA_REG_B                      ; UNREGISTERED         ; Untyped                                              ;
; BYTEENA_REG_B                      ; CLOCK1               ; Untyped                                              ;
; INDATA_ACLR_B                      ; NONE                 ; Untyped                                              ;
; WRCONTROL_ACLR_B                   ; NONE                 ; Untyped                                              ;
; ADDRESS_ACLR_B                     ; NONE                 ; Untyped                                              ;
; OUTDATA_ACLR_B                     ; NONE                 ; Untyped                                              ;
; RDCONTROL_ACLR_B                   ; NONE                 ; Untyped                                              ;
; BYTEENA_ACLR_B                     ; NONE                 ; Untyped                                              ;
; WIDTH_BYTEENA_A                    ; 1                    ; Signed Integer                                       ;
; WIDTH_BYTEENA_B                    ; 1                    ; Untyped                                              ;
; RAM_BLOCK_TYPE                     ; AUTO                 ; Untyped                                              ;
; BYTE_SIZE                          ; 8                    ; Untyped                                              ;
; READ_DURING_WRITE_MODE_MIXED_PORTS ; DONT_CARE            ; Untyped                                              ;
; READ_DURING_WRITE_MODE_PORT_A      ; NEW_DATA_NO_NBE_READ ; Untyped                                              ;
; READ_DURING_WRITE_MODE_PORT_B      ; NEW_DATA_NO_NBE_READ ; Untyped                                              ;
; INIT_FILE                          ; letras.hex           ; Untyped                                              ;
; INIT_FILE_LAYOUT                   ; PORT_A               ; Untyped                                              ;
; MAXIMUM_DEPTH                      ; 0                    ; Untyped                                              ;
; CLOCK_ENABLE_INPUT_A               ; BYPASS               ; Untyped                                              ;
; CLOCK_ENABLE_INPUT_B               ; NORMAL               ; Untyped                                              ;
; CLOCK_ENABLE_OUTPUT_A              ; BYPASS               ; Untyped                                              ;
; CLOCK_ENABLE_OUTPUT_B              ; NORMAL               ; Untyped                                              ;
; CLOCK_ENABLE_CORE_A                ; USE_INPUT_CLKEN      ; Untyped                                              ;
; CLOCK_ENABLE_CORE_B                ; USE_INPUT_CLKEN      ; Untyped                                              ;
; ENABLE_ECC                         ; FALSE                ; Untyped                                              ;
; ECC_PIPELINE_STAGE_ENABLED         ; FALSE                ; Untyped                                              ;
; WIDTH_ECCSTATUS                    ; 3                    ; Untyped                                              ;
; DEVICE_FAMILY                      ; Cyclone II           ; Untyped                                              ;
; CBXI_PARAMETER                     ; altsyncram_f271      ; Untyped                                              ;
+------------------------------------+----------------------+------------------------------------------------------+
Note: In order to hide this table in the UI and the text report file, please set the "Show Parameter Settings in Synthesis Report" option in "Analysis and Synthesis Settings -> More Settings" to "Off".


+-----------------------------------------------------------------------------------------------------------------+
; Parameter Settings for User Entity Instance: bin_palabra:inst|rom_palabras:inst|altsyncram:altsyncram_component ;
+------------------------------------+----------------------+-----------------------------------------------------+
; Parameter Name                     ; Value                ; Type                                                ;
+------------------------------------+----------------------+-----------------------------------------------------+
; BYTE_SIZE_BLOCK                    ; 8                    ; Untyped                                             ;
; AUTO_CARRY_CHAINS                  ; ON                   ; AUTO_CARRY                                          ;
; IGNORE_CARRY_BUFFERS               ; OFF                  ; IGNORE_CARRY                                        ;
; AUTO_CASCADE_CHAINS                ; ON                   ; AUTO_CASCADE                                        ;
; IGNORE_CASCADE_BUFFERS             ; OFF                  ; IGNORE_CASCADE                                      ;
; WIDTH_BYTEENA                      ; 1                    ; Untyped                                             ;
; OPERATION_MODE                     ; ROM                  ; Untyped                                             ;
; WIDTH_A                            ; 16                   ; Signed Integer                                      ;
; WIDTHAD_A                          ; 4                    ; Signed Integer                                      ;
; NUMWORDS_A                         ; 16                   ; Signed Integer                                      ;
; OUTDATA_REG_A                      ; CLOCK0               ; Untyped                                             ;
; ADDRESS_ACLR_A                     ; NONE                 ; Untyped                                             ;
; OUTDATA_ACLR_A                     ; NONE                 ; Untyped                                             ;
; WRCONTROL_ACLR_A                   ; NONE                 ; Untyped                                             ;
; INDATA_ACLR_A                      ; NONE                 ; Untyped                                             ;
; BYTEENA_ACLR_A                     ; NONE                 ; Untyped                                             ;
; WIDTH_B                            ; 1                    ; Untyped                                             ;
; WIDTHAD_B                          ; 1                    ; Untyped                                             ;
; NUMWORDS_B                         ; 1                    ; Untyped                                             ;
; INDATA_REG_B                       ; CLOCK1               ; Untyped                                             ;
; WRCONTROL_WRADDRESS_REG_B          ; CLOCK1               ; Untyped                                             ;
; RDCONTROL_REG_B                    ; CLOCK1               ; Untyped                                             ;
; ADDRESS_REG_B                      ; CLOCK1               ; Untyped                                             ;
; OUTDATA_REG_B                      ; UNREGISTERED         ; Untyped                                             ;
; BYTEENA_REG_B                      ; CLOCK1               ; Untyped                                             ;
; INDATA_ACLR_B                      ; NONE                 ; Untyped                                             ;
; WRCONTROL_ACLR_B                   ; NONE                 ; Untyped                                             ;
; ADDRESS_ACLR_B                     ; NONE                 ; Untyped                                             ;
; OUTDATA_ACLR_B                     ; NONE                 ; Untyped                                             ;
; RDCONTROL_ACLR_B                   ; NONE                 ; Untyped                                             ;
; BYTEENA_ACLR_B                     ; NONE                 ; Untyped                                             ;
; WIDTH_BYTEENA_A                    ; 1                    ; Signed Integer                                      ;
; WIDTH_BYTEENA_B                    ; 1                    ; Untyped                                             ;
; RAM_BLOCK_TYPE                     ; AUTO                 ; Untyped                                             ;
; BYTE_SIZE                          ; 8                    ; Untyped                                             ;
; READ_DURING_WRITE_MODE_MIXED_PORTS ; DONT_CARE            ; Untyped                                             ;
; READ_DURING_WRITE_MODE_PORT_A      ; NEW_DATA_NO_NBE_READ ; Untyped                                             ;
; READ_DURING_WRITE_MODE_PORT_B      ; NEW_DATA_NO_NBE_READ ; Untyped                                             ;
; INIT_FILE                          ; palabras.hex         ; Untyped                                             ;
; INIT_FILE_LAYOUT                   ; PORT_A               ; Untyped                                             ;
; MAXIMUM_DEPTH                      ; 0                    ; Untyped                                             ;
; CLOCK_ENABLE_INPUT_A               ; BYPASS               ; Untyped                                             ;
; CLOCK_ENABLE_INPUT_B               ; NORMAL               ; Untyped                                             ;
; CLOCK_ENABLE_OUTPUT_A              ; BYPASS               ; Untyped                                             ;
; CLOCK_ENABLE_OUTPUT_B              ; NORMAL               ; Untyped                                             ;
; CLOCK_ENABLE_CORE_A                ; USE_INPUT_CLKEN      ; Untyped                                             ;
; CLOCK_ENABLE_CORE_B                ; USE_INPUT_CLKEN      ; Untyped                                             ;
; ENABLE_ECC                         ; FALSE                ; Untyped                                             ;
; ECC_PIPELINE_STAGE_ENABLED         ; FALSE                ; Untyped                                             ;
; WIDTH_ECCSTATUS                    ; 3                    ; Untyped                                             ;
; DEVICE_FAMILY                      ; Cyclone II           ; Untyped                                             ;
; CBXI_PARAMETER                     ; altsyncram_q971      ; Untyped                                             ;
+------------------------------------+----------------------+-----------------------------------------------------+
Note: In order to hide this table in the UI and the text report file, please set the "Show Parameter Settings in Synthesis Report" option in "Analysis and Synthesis Settings -> More Settings" to "Off".


+------------------------------------------------------------------------------------------------------------------+
; Parameter Settings for User Entity Instance: bin_a_display:inst3|rom_letras:inst|altsyncram:altsyncram_component ;
+------------------------------------+----------------------+------------------------------------------------------+
; Parameter Name                     ; Value                ; Type                                                 ;
+------------------------------------+----------------------+------------------------------------------------------+
; BYTE_SIZE_BLOCK                    ; 8                    ; Untyped                                              ;
; AUTO_CARRY_CHAINS                  ; ON                   ; AUTO_CARRY                                           ;
; IGNORE_CARRY_BUFFERS               ; OFF                  ; IGNORE_CARRY                                         ;
; AUTO_CASCADE_CHAINS                ; ON                   ; AUTO_CASCADE                                         ;
; IGNORE_CASCADE_BUFFERS             ; OFF                  ; IGNORE_CASCADE                                       ;
; WIDTH_BYTEENA                      ; 1                    ; Untyped                                              ;
; OPERATION_MODE                     ; ROM                  ; Untyped                                              ;
; WIDTH_A                            ; 7                    ; Signed Integer                                       ;
; WIDTHAD_A                          ; 4                    ; Signed Integer                                       ;
; NUMWORDS_A                         ; 16                   ; Signed Integer                                       ;
; OUTDATA_REG_A                      ; CLOCK0               ; Untyped                                              ;
; ADDRESS_ACLR_A                     ; NONE                 ; Untyped                                              ;
; OUTDATA_ACLR_A                     ; NONE                 ; Untyped                                              ;
; WRCONTROL_ACLR_A                   ; NONE                 ; Untyped                                              ;
; INDATA_ACLR_A                      ; NONE                 ; Untyped                                              ;
; BYTEENA_ACLR_A                     ; NONE                 ; Untyped                                              ;
; WIDTH_B                            ; 1                    ; Untyped                                              ;
; WIDTHAD_B                          ; 1                    ; Untyped                                              ;
; NUMWORDS_B                         ; 1                    ; Untyped                                              ;
; INDATA_REG_B                       ; CLOCK1               ; Untyped                                              ;
; WRCONTROL_WRADDRESS_REG_B          ; CLOCK1               ; Untyped                                              ;
; RDCONTROL_REG_B                    ; CLOCK1               ; Untyped                                              ;
; ADDRESS_REG_B                      ; CLOCK1               ; Untyped                                              ;
; OUTDATA_REG_B                      ; UNREGISTERED         ; Untyped                                              ;
; BYTEENA_REG_B                      ; CLOCK1               ; Untyped                                              ;
; INDATA_ACLR_B                      ; NONE                 ; Untyped                                              ;
; WRCONTROL_ACLR_B                   ; NONE                 ; Untyped                                              ;
; ADDRESS_ACLR_B                     ; NONE                 ; Untyped                                              ;
; OUTDATA_ACLR_B                     ; NONE                 ; Untyped                                              ;
; RDCONTROL_ACLR_B                   ; NONE                 ; Untyped                                              ;
; BYTEENA_ACLR_B                     ; NONE                 ; Untyped                                              ;
; WIDTH_BYTEENA_A                    ; 1                    ; Signed Integer                                       ;
; WIDTH_BYTEENA_B                    ; 1                    ; Untyped                                              ;
; RAM_BLOCK_TYPE                     ; AUTO                 ; Untyped                                              ;
; BYTE_SIZE                          ; 8                    ; Untyped                                              ;
; READ_DURING_WRITE_MODE_MIXED_PORTS ; DONT_CARE            ; Untyped                                              ;
; READ_DURING_WRITE_MODE_PORT_A      ; NEW_DATA_NO_NBE_READ ; Untyped                                              ;
; READ_DURING_WRITE_MODE_PORT_B      ; NEW_DATA_NO_NBE_READ ; Untyped                                              ;
; INIT_FILE                          ; letras.hex           ; Untyped                                              ;
; INIT_FILE_LAYOUT                   ; PORT_A               ; Untyped                                              ;
; MAXIMUM_DEPTH                      ; 0                    ; Untyped                                              ;
; CLOCK_ENABLE_INPUT_A               ; BYPASS               ; Untyped                                              ;
; CLOCK_ENABLE_INPUT_B               ; NORMAL               ; Untyped                                              ;
; CLOCK_ENABLE_OUTPUT_A              ; BYPASS               ; Untyped                                              ;
; CLOCK_ENABLE_OUTPUT_B              ; NORMAL               ; Untyped                                              ;
; CLOCK_ENABLE_CORE_A                ; USE_INPUT_CLKEN      ; Untyped                                              ;
; CLOCK_ENABLE_CORE_B                ; USE_INPUT_CLKEN      ; Untyped                                              ;
; ENABLE_ECC                         ; FALSE                ; Untyped                                              ;
; ECC_PIPELINE_STAGE_ENABLED         ; FALSE                ; Untyped                                              ;
; WIDTH_ECCSTATUS                    ; 3                    ; Untyped                                              ;
; DEVICE_FAMILY                      ; Cyclone II           ; Untyped                                              ;
; CBXI_PARAMETER                     ; altsyncram_f271      ; Untyped                                              ;
+------------------------------------+----------------------+------------------------------------------------------+
Note: In order to hide this table in the UI and the text report file, please set the "Show Parameter Settings in Synthesis Report" option in "Analysis and Synthesis Settings -> More Settings" to "Off".


+------------------------------------------------------------------------------------------------------------------+
; Parameter Settings for User Entity Instance: bin_a_display:inst4|rom_letras:inst|altsyncram:altsyncram_component ;
+------------------------------------+----------------------+------------------------------------------------------+
; Parameter Name                     ; Value                ; Type                                                 ;
+------------------------------------+----------------------+------------------------------------------------------+
; BYTE_SIZE_BLOCK                    ; 8                    ; Untyped                                              ;
; AUTO_CARRY_CHAINS                  ; ON                   ; AUTO_CARRY                                           ;
; IGNORE_CARRY_BUFFERS               ; OFF                  ; IGNORE_CARRY                                         ;
; AUTO_CASCADE_CHAINS                ; ON                   ; AUTO_CASCADE                                         ;
; IGNORE_CASCADE_BUFFERS             ; OFF                  ; IGNORE_CASCADE                                       ;
; WIDTH_BYTEENA                      ; 1                    ; Untyped                                              ;
; OPERATION_MODE                     ; ROM                  ; Untyped                                              ;
; WIDTH_A                            ; 7                    ; Signed Integer                                       ;
; WIDTHAD_A                          ; 4                    ; Signed Integer                                       ;
; NUMWORDS_A                         ; 16                   ; Signed Integer                                       ;
; OUTDATA_REG_A                      ; CLOCK0               ; Untyped                                              ;
; ADDRESS_ACLR_A                     ; NONE                 ; Untyped                                              ;
; OUTDATA_ACLR_A                     ; NONE                 ; Untyped                                              ;
; WRCONTROL_ACLR_A                   ; NONE                 ; Untyped                                              ;
; INDATA_ACLR_A                      ; NONE                 ; Untyped                                              ;
; BYTEENA_ACLR_A                     ; NONE                 ; Untyped                                              ;
; WIDTH_B                            ; 1                    ; Untyped                                              ;
; WIDTHAD_B                          ; 1                    ; Untyped                                              ;
; NUMWORDS_B                         ; 1                    ; Untyped                                              ;
; INDATA_REG_B                       ; CLOCK1               ; Untyped                                              ;
; WRCONTROL_WRADDRESS_REG_B          ; CLOCK1               ; Untyped                                              ;
; RDCONTROL_REG_B                    ; CLOCK1               ; Untyped                                              ;
; ADDRESS_REG_B                      ; CLOCK1               ; Untyped                                              ;
; OUTDATA_REG_B                      ; UNREGISTERED         ; Untyped                                              ;
; BYTEENA_REG_B                      ; CLOCK1               ; Untyped                                              ;
; INDATA_ACLR_B                      ; NONE                 ; Untyped                                              ;
; WRCONTROL_ACLR_B                   ; NONE                 ; Untyped                                              ;
; ADDRESS_ACLR_B                     ; NONE                 ; Untyped                                              ;
; OUTDATA_ACLR_B                     ; NONE                 ; Untyped                                              ;
; RDCONTROL_ACLR_B                   ; NONE                 ; Untyped                                              ;
; BYTEENA_ACLR_B                     ; NONE                 ; Untyped                                              ;
; WIDTH_BYTEENA_A                    ; 1                    ; Signed Integer                                       ;
; WIDTH_BYTEENA_B                    ; 1                    ; Untyped                                              ;
; RAM_BLOCK_TYPE                     ; AUTO                 ; Untyped                                              ;
; BYTE_SIZE                          ; 8                    ; Untyped                                              ;
; READ_DURING_WRITE_MODE_MIXED_PORTS ; DONT_CARE            ; Untyped                                              ;
; READ_DURING_WRITE_MODE_PORT_A      ; NEW_DATA_NO_NBE_READ ; Untyped                                              ;
; READ_DURING_WRITE_MODE_PORT_B      ; NEW_DATA_NO_NBE_READ ; Untyped                                              ;
; INIT_FILE                          ; letras.hex           ; Untyped                                              ;
; INIT_FILE_LAYOUT                   ; PORT_A               ; Untyped                                              ;
; MAXIMUM_DEPTH                      ; 0                    ; Untyped                                              ;
; CLOCK_ENABLE_INPUT_A               ; BYPASS               ; Untyped                                              ;
; CLOCK_ENABLE_INPUT_B               ; NORMAL               ; Untyped                                              ;
; CLOCK_ENABLE_OUTPUT_A              ; BYPASS               ; Untyped                                              ;
; CLOCK_ENABLE_OUTPUT_B              ; NORMAL               ; Untyped                                              ;
; CLOCK_ENABLE_CORE_A                ; USE_INPUT_CLKEN      ; Untyped                                              ;
; CLOCK_ENABLE_CORE_B                ; USE_INPUT_CLKEN      ; Untyped                                              ;
; ENABLE_ECC                         ; FALSE                ; Untyped                                              ;
; ECC_PIPELINE_STAGE_ENABLED         ; FALSE                ; Untyped                                              ;
; WIDTH_ECCSTATUS                    ; 3                    ; Untyped                                              ;
; DEVICE_FAMILY                      ; Cyclone II           ; Untyped                                              ;
; CBXI_PARAMETER                     ; altsyncram_f271      ; Untyped                                              ;
+------------------------------------+----------------------+------------------------------------------------------+
Note: In order to hide this table in the UI and the text report file, please set the "Show Parameter Settings in Synthesis Report" option in "Analysis and Synthesis Settings -> More Settings" to "Off".


+------------------------------------------------------------------------------------------------------------------+
; Parameter Settings for User Entity Instance: bin_a_display:inst5|rom_letras:inst|altsyncram:altsyncram_component ;
+------------------------------------+----------------------+------------------------------------------------------+
; Parameter Name                     ; Value                ; Type                                                 ;
+------------------------------------+----------------------+------------------------------------------------------+
; BYTE_SIZE_BLOCK                    ; 8                    ; Untyped                                              ;
; AUTO_CARRY_CHAINS                  ; ON                   ; AUTO_CARRY                                           ;
; IGNORE_CARRY_BUFFERS               ; OFF                  ; IGNORE_CARRY                                         ;
; AUTO_CASCADE_CHAINS                ; ON                   ; AUTO_CASCADE                                         ;
; IGNORE_CASCADE_BUFFERS             ; OFF                  ; IGNORE_CASCADE                                       ;
; WIDTH_BYTEENA                      ; 1                    ; Untyped                                              ;
; OPERATION_MODE                     ; ROM                  ; Untyped                                              ;
; WIDTH_A                            ; 7                    ; Signed Integer                                       ;
; WIDTHAD_A                          ; 4                    ; Signed Integer                                       ;
; NUMWORDS_A                         ; 16                   ; Signed Integer                                       ;
; OUTDATA_REG_A                      ; CLOCK0               ; Untyped                                              ;
; ADDRESS_ACLR_A                     ; NONE                 ; Untyped                                              ;
; OUTDATA_ACLR_A                     ; NONE                 ; Untyped                                              ;
; WRCONTROL_ACLR_A                   ; NONE                 ; Untyped                                              ;
; INDATA_ACLR_A                      ; NONE                 ; Untyped                                              ;
; BYTEENA_ACLR_A                     ; NONE                 ; Untyped                                              ;
; WIDTH_B                            ; 1                    ; Untyped                                              ;
; WIDTHAD_B                          ; 1                    ; Untyped                                              ;
; NUMWORDS_B                         ; 1                    ; Untyped                                              ;
; INDATA_REG_B                       ; CLOCK1               ; Untyped                                              ;
; WRCONTROL_WRADDRESS_REG_B          ; CLOCK1               ; Untyped                                              ;
; RDCONTROL_REG_B                    ; CLOCK1               ; Untyped                                              ;
; ADDRESS_REG_B                      ; CLOCK1               ; Untyped                                              ;
; OUTDATA_REG_B                      ; UNREGISTERED         ; Untyped                                              ;
; BYTEENA_REG_B                      ; CLOCK1               ; Untyped                                              ;
; INDATA_ACLR_B                      ; NONE                 ; Untyped                                              ;
; WRCONTROL_ACLR_B                   ; NONE                 ; Untyped                                              ;
; ADDRESS_ACLR_B                     ; NONE                 ; Untyped                                              ;
; OUTDATA_ACLR_B                     ; NONE                 ; Untyped                                              ;
; RDCONTROL_ACLR_B                   ; NONE                 ; Untyped                                              ;
; BYTEENA_ACLR_B                     ; NONE                 ; Untyped                                              ;
; WIDTH_BYTEENA_A                    ; 1                    ; Signed Integer                                       ;
; WIDTH_BYTEENA_B                    ; 1                    ; Untyped                                              ;
; RAM_BLOCK_TYPE                     ; AUTO                 ; Untyped                                              ;
; BYTE_SIZE                          ; 8                    ; Untyped                                              ;
; READ_DURING_WRITE_MODE_MIXED_PORTS ; DONT_CARE            ; Untyped                                              ;
; READ_DURING_WRITE_MODE_PORT_A      ; NEW_DATA_NO_NBE_READ ; Untyped                                              ;
; READ_DURING_WRITE_MODE_PORT_B      ; NEW_DATA_NO_NBE_READ ; Untyped                                              ;
; INIT_FILE                          ; letras.hex           ; Untyped                                              ;
; INIT_FILE_LAYOUT                   ; PORT_A               ; Untyped                                              ;
; MAXIMUM_DEPTH                      ; 0                    ; Untyped                                              ;
; CLOCK_ENABLE_INPUT_A               ; BYPASS               ; Untyped                                              ;
; CLOCK_ENABLE_INPUT_B               ; NORMAL               ; Untyped                                              ;
; CLOCK_ENABLE_OUTPUT_A              ; BYPASS               ; Untyped                                              ;
; CLOCK_ENABLE_OUTPUT_B              ; NORMAL               ; Untyped                                              ;
; CLOCK_ENABLE_CORE_A                ; USE_INPUT_CLKEN      ; Untyped                                              ;
; CLOCK_ENABLE_CORE_B                ; USE_INPUT_CLKEN      ; Untyped                                              ;
; ENABLE_ECC                         ; FALSE                ; Untyped                                              ;
; ECC_PIPELINE_STAGE_ENABLED         ; FALSE                ; Untyped                                              ;
; WIDTH_ECCSTATUS                    ; 3                    ; Untyped                                              ;
; DEVICE_FAMILY                      ; Cyclone II           ; Untyped                                              ;
; CBXI_PARAMETER                     ; altsyncram_f271      ; Untyped                                              ;
+------------------------------------+----------------------+------------------------------------------------------+
Note: In order to hide this table in the UI and the text report file, please set the "Show Parameter Settings in Synthesis Report" option in "Analysis and Synthesis Settings -> More Settings" to "Off".


+-----------------------------------------------------------------------------------------------------------------+
; altsyncram Parameter Settings by Entity Instance                                                                ;
+-------------------------------------------+---------------------------------------------------------------------+
; Name                                      ; Value                                                               ;
+-------------------------------------------+---------------------------------------------------------------------+
; Number of entity instances                ; 5                                                                   ;
; Entity Instance                           ; bin_a_display:inst2|rom_letras:inst|altsyncram:altsyncram_component ;
;     -- OPERATION_MODE                     ; ROM                                                                 ;
;     -- WIDTH_A                            ; 7                                                                   ;
;     -- NUMWORDS_A                         ; 16                                                                  ;
;     -- OUTDATA_REG_A                      ; CLOCK0                                                              ;
;     -- WIDTH_B                            ; 1                                                                   ;
;     -- NUMWORDS_B                         ; 1                                                                   ;
;     -- ADDRESS_REG_B                      ; CLOCK1                                                              ;
;     -- OUTDATA_REG_B                      ; UNREGISTERED                                                        ;
;     -- RAM_BLOCK_TYPE                     ; AUTO                                                                ;
;     -- READ_DURING_WRITE_MODE_MIXED_PORTS ; DONT_CARE                                                           ;
; Entity Instance                           ; bin_palabra:inst|rom_palabras:inst|altsyncram:altsyncram_component  ;
;     -- OPERATION_MODE                     ; ROM                                                                 ;
;     -- WIDTH_A                            ; 16                                                                  ;
;     -- NUMWORDS_A                         ; 16                                                                  ;
;     -- OUTDATA_REG_A                      ; CLOCK0                                                              ;
;     -- WIDTH_B                            ; 1                                                                   ;
;     -- NUMWORDS_B                         ; 1                                                                   ;
;     -- ADDRESS_REG_B                      ; CLOCK1                                                              ;
;     -- OUTDATA_REG_B                      ; UNREGISTERED                                                        ;
;     -- RAM_BLOCK_TYPE                     ; AUTO                                                                ;
;     -- READ_DURING_WRITE_MODE_MIXED_PORTS ; DONT_CARE                                                           ;
; Entity Instance                           ; bin_a_display:inst3|rom_letras:inst|altsyncram:altsyncram_component ;
;     -- OPERATION_MODE                     ; ROM                                                                 ;
;     -- WIDTH_A                            ; 7                                                                   ;
;     -- NUMWORDS_A                         ; 16                                                                  ;
;     -- OUTDATA_REG_A                      ; CLOCK0                                                              ;
;     -- WIDTH_B                            ; 1                                                                   ;
;     -- NUMWORDS_B                         ; 1                                                                   ;
;     -- ADDRESS_REG_B                      ; CLOCK1                                                              ;
;     -- OUTDATA_REG_B                      ; UNREGISTERED                                                        ;
;     -- RAM_BLOCK_TYPE                     ; AUTO                                                                ;
;     -- READ_DURING_WRITE_MODE_MIXED_PORTS ; DONT_CARE                                                           ;
; Entity Instance                           ; bin_a_display:inst4|rom_letras:inst|altsyncram:altsyncram_component ;
;     -- OPERATION_MODE                     ; ROM                                                                 ;
;     -- WIDTH_A                            ; 7                                                                   ;
;     -- NUMWORDS_A                         ; 16                                                                  ;
;     -- OUTDATA_REG_A                      ; CLOCK0                                                              ;
;     -- WIDTH_B                            ; 1                                                                   ;
;     -- NUMWORDS_B                         ; 1                                                                   ;
;     -- ADDRESS_REG_B                      ; CLOCK1                                                              ;
;     -- OUTDATA_REG_B                      ; UNREGISTERED                                                        ;
;     -- RAM_BLOCK_TYPE                     ; AUTO                                                                ;
;     -- READ_DURING_WRITE_MODE_MIXED_PORTS ; DONT_CARE                                                           ;
; Entity Instance                           ; bin_a_display:inst5|rom_letras:inst|altsyncram:altsyncram_component ;
;     -- OPERATION_MODE                     ; ROM                                                                 ;
;     -- WIDTH_A                            ; 7                                                                   ;
;     -- NUMWORDS_A                         ; 16                                                                  ;
;     -- OUTDATA_REG_A                      ; CLOCK0                                                              ;
;     -- WIDTH_B                            ; 1                                                                   ;
;     -- NUMWORDS_B                         ; 1                                                                   ;
;     -- ADDRESS_REG_B                      ; CLOCK1                                                              ;
;     -- OUTDATA_REG_B                      ; UNREGISTERED                                                        ;
;     -- RAM_BLOCK_TYPE                     ; AUTO                                                                ;
;     -- READ_DURING_WRITE_MODE_MIXED_PORTS ; DONT_CARE                                                           ;
+-------------------------------------------+---------------------------------------------------------------------+


+-------------------------------+
; Elapsed Time Per Partition    ;
+----------------+--------------+
; Partition Name ; Elapsed Time ;
+----------------+--------------+
; Top            ; 00:00:00     ;
+----------------+--------------+


+-------------------------------+
; Analysis & Synthesis Messages ;
+-------------------------------+
Info: *******************************************************************
Info: Running Quartus II 64-Bit Analysis & Synthesis
    Info: Version 13.0.1 Build 232 06/12/2013 Service Pack 1 SJ Web Edition
    Info: Processing started: Thu May 11 19:17:21 2023
Info: Command: quartus_map --read_settings_files=on --write_settings_files=off mostrar_palabras -c mostrar_palabras
Warning (20028): Parallel compilation is not licensed and has been disabled
Info (12021): Found 1 design units, including 1 entities, in source file mostrar_palabras.bdf
    Info (12023): Found entity 1: mostrar_palabras
Info (12127): Elaborating entity "mostrar_palabras" for the top level hierarchy
Warning (12125): Using design file bin_a_display.bdf, which is not specified as a design file for the current project, but contains definitions for 1 design units and 1 entities in project
    Info (12023): Found entity 1: bin_a_display
Info (12128): Elaborating entity "bin_a_display" for hierarchy "bin_a_display:inst2"
Warning (12125): Using design file rom_letras.vhd, which is not specified as a design file for the current project, but contains definitions for 2 design units and 1 entities in project
    Info (12022): Found design unit 1: rom_letras-SYN
    Info (12023): Found entity 1: rom_letras
Info (12128): Elaborating entity "rom_letras" for hierarchy "bin_a_display:inst2|rom_letras:inst"
Info (12128): Elaborating entity "altsyncram" for hierarchy "bin_a_display:inst2|rom_letras:inst|altsyncram:altsyncram_component"
Info (12130): Elaborated megafunction instantiation "bin_a_display:inst2|rom_letras:inst|altsyncram:altsyncram_component"
Info (12133): Instantiated megafunction "bin_a_display:inst2|rom_letras:inst|altsyncram:altsyncram_component" with the following parameter:
    Info (12134): Parameter "clock_enable_input_a" = "BYPASS"
    Info (12134): Parameter "clock_enable_output_a" = "BYPASS"
    Info (12134): Parameter "init_file" = "letras.hex"
    Info (12134): Parameter "intended_device_family" = "Cyclone II"
    Info (12134): Parameter "lpm_hint" = "ENABLE_RUNTIME_MOD=NO"
    Info (12134): Parameter "lpm_type" = "altsyncram"
    Info (12134): Parameter "numwords_a" = "16"
    Info (12134): Parameter "operation_mode" = "ROM"
    Info (12134): Parameter "outdata_aclr_a" = "NONE"
    Info (12134): Parameter "outdata_reg_a" = "CLOCK0"
    Info (12134): Parameter "widthad_a" = "4"
    Info (12134): Parameter "width_a" = "7"
    Info (12134): Parameter "width_byteena_a" = "1"
Info (12021): Found 1 design units, including 1 entities, in source file db/altsyncram_f271.tdf
    Info (12023): Found entity 1: altsyncram_f271
Info (12128): Elaborating entity "altsyncram_f271" for hierarchy "bin_a_display:inst2|rom_letras:inst|altsyncram:altsyncram_component|altsyncram_f271:auto_generated"
Warning (12125): Using design file bin_palabra.bdf, which is not specified as a design file for the current project, but contains definitions for 1 design units and 1 entities in project
    Info (12023): Found entity 1: bin_palabra
Info (12128): Elaborating entity "bin_palabra" for hierarchy "bin_palabra:inst"
Warning (12125): Using design file rom_palabras.vhd, which is not specified as a design file for the current project, but contains definitions for 2 design units and 1 entities in project
    Info (12022): Found design unit 1: rom_palabras-SYN
    Info (12023): Found entity 1: rom_palabras
Info (12128): Elaborating entity "rom_palabras" for hierarchy "bin_palabra:inst|rom_palabras:inst"
Info (12128): Elaborating entity "altsyncram" for hierarchy "bin_palabra:inst|rom_palabras:inst|altsyncram:altsyncram_component"
Info (12130): Elaborated megafunction instantiation "bin_palabra:inst|rom_palabras:inst|altsyncram:altsyncram_component"
Info (12133): Instantiated megafunction "bin_palabra:inst|rom_palabras:inst|altsyncram:altsyncram_component" with the following parameter:
    Info (12134): Parameter "clock_enable_input_a" = "BYPASS"
    Info (12134): Parameter "clock_enable_output_a" = "BYPASS"
    Info (12134): Parameter "init_file" = "palabras.hex"
    Info (12134): Parameter "intended_device_family" = "Cyclone II"
    Info (12134): Parameter "lpm_hint" = "ENABLE_RUNTIME_MOD=NO"
    Info (12134): Parameter "lpm_type" = "altsyncram"
    Info (12134): Parameter "numwords_a" = "16"
    Info (12134): Parameter "operation_mode" = "ROM"
    Info (12134): Parameter "outdata_aclr_a" = "NONE"
    Info (12134): Parameter "outdata_reg_a" = "CLOCK0"
    Info (12134): Parameter "widthad_a" = "4"
    Info (12134): Parameter "width_a" = "16"
    Info (12134): Parameter "width_byteena_a" = "1"
Info (12021): Found 1 design units, including 1 entities, in source file db/altsyncram_q971.tdf
    Info (12023): Found entity 1: altsyncram_q971
Info (12128): Elaborating entity "altsyncram_q971" for hierarchy "bin_palabra:inst|rom_palabras:inst|altsyncram:altsyncram_component|altsyncram_q971:auto_generated"
Info (16010): Generating hard_block partition "hard_block:auto_generated_inst"
    Info (16011): Adding 0 node(s), including 0 DDIO, 0 PLL, 0 transceiver and 0 LCELL
Info (21057): Implemented 77 device resources after synthesis - the final resource count might be different
    Info (21058): Implemented 5 input pins
    Info (21059): Implemented 28 output pins
    Info (21064): Implemented 44 RAM segments
Info: Quartus II 64-Bit Analysis & Synthesis was successful. 0 errors, 5 warnings
    Info: Peak virtual memory: 4644 megabytes
    Info: Processing ended: Thu May 11 19:17:23 2023
    Info: Elapsed time: 00:00:02
    Info: Total CPU time (on all processors): 00:00:01


