Flow report for asistente
Mon May 29 16:20:33 2023
Quartus Prime Version 21.1.0 Build 842 10/21/2021 SJ Lite Edition


---------------------
; Table of Contents ;
---------------------
  1. Legal Notice
  2. Flow Summary
  3. Flow Settings
  4. Flow Non-Default Global Settings
  5. Flow Elapsed Time
  6. Flow OS Summary
  7. Flow Log
  8. Flow Messages
  9. Flow Suppressed Messages



----------------
; Legal Notice ;
----------------
Copyright (C) 2021  Intel Corporation. All rights reserved.
Your use of Intel Corporation's design tools, logic functions 
and other software and tools, and any partner logic 
functions, and any output files from any of the foregoing 
(including device programming or simulation files), and any 
associated documentation or information are expressly subject 
to the terms and conditions of the Intel Program License 
Subscription Agreement, the Intel Quartus Prime License Agreement,
the Intel FPGA IP License Agreement, or other applicable license
agreement, including, without limitation, that your use is for
the sole purpose of programming logic devices manufactured by
Intel and sold by Intel or its authorized distributors.  Please
refer to the applicable agreement for further details, at
https://fpgasoftware.intel.com/eula.



+----------------------------------------------------------------------------------+
; Flow Summary                                                                     ;
+------------------------------------+---------------------------------------------+
; Flow Status                        ; Successful - Mon May 29 16:20:33 2023       ;
; Quartus Prime Version              ; 21.1.0 Build 842 10/21/2021 SJ Lite Edition ;
; Revision Name                      ; asistente                                   ;
; Top-level Entity Name              ; asistente                                   ;
; Family                             ; MAX 10                                      ;
; Device                             ; 10M50DAF484C7G                              ;
; Timing Models                      ; Final                                       ;
; Total logic elements               ; 198 / 49,760 ( < 1 % )                      ;
;     Total combinational functions  ; 196 / 49,760 ( < 1 % )                      ;
;     Dedicated logic registers      ; 56 / 49,760 ( < 1 % )                       ;
; Total registers                    ; 56                                          ;
; Total pins                         ; 48 / 360 ( 13 % )                           ;
; Total virtual pins                 ; 0                                           ;
; Total memory bits                  ; 1,696 / 1,677,312 ( < 1 % )                 ;
; Embedded Multiplier 9-bit elements ; 0 / 288 ( 0 % )                             ;
; Total PLLs                         ; 0 / 4 ( 0 % )                               ;
; UFM blocks                         ; 0 / 1 ( 0 % )                               ;
; ADC blocks                         ; 0 / 2 ( 0 % )                               ;
+------------------------------------+---------------------------------------------+


+-----------------------------------------+
; Flow Settings                           ;
+-------------------+---------------------+
; Option            ; Setting             ;
+-------------------+---------------------+
; Start date & time ; 05/29/2023 16:20:04 ;
; Main task         ; Compilation         ;
; Revision Name     ; asistente           ;
+-------------------+---------------------+


+-----------------------------------------------------------------------------------------------------------------------------+
; Flow Non-Default Global Settings                                                                                            ;
+-------------------------------------+----------------------------------------+---------------+-------------+----------------+
; Assignment Name                     ; Value                                  ; Default Value ; Entity Name ; Section Id     ;
+-------------------------------------+----------------------------------------+---------------+-------------+----------------+
; COMPILER_SIGNATURE_ID               ; 929346721082.168539520402284           ; --            ; --          ; --             ;
; EDA_OUTPUT_DATA_FORMAT              ; Vhdl                                   ; --            ; --          ; eda_simulation ;
; EDA_SIMULATION_TOOL                 ; Questa Intel FPGA (VHDL)               ; <None>        ; --          ; --             ;
; MAX_CORE_JUNCTION_TEMP              ; 85                                     ; --            ; --          ; --             ;
; MIN_CORE_JUNCTION_TEMP              ; 0                                      ; --            ; --          ; --             ;
; MISC_FILE                           ; decoder3_8.bsf                         ; --            ; --          ; --             ;
; MISC_FILE                           ; constante3.bsf                         ; --            ; --          ; --             ;
; MISC_FILE                           ; contador4bits.bsf                      ; --            ; --          ; --             ;
; MISC_FILE                           ; mux4_4.bsf                             ; --            ; --          ; --             ;
; MISC_FILE                           ; constante0.bsf                         ; --            ; --          ; --             ;
; MISC_FILE                           ; adder4bits.bsf                         ; --            ; --          ; --             ;
; MISC_FILE                           ; constante5.bsf                         ; --            ; --          ; --             ;
; MISC_FILE                           ; constante7.bsf                         ; --            ; --          ; --             ;
; MISC_FILE                           ; mux3_6.bsf                             ; --            ; --          ; --             ;
; MISC_FILE                           ; mux3_4.bsf                             ; --            ; --          ; --             ;
; MISC_FILE                           ; mux2_6.bsf                             ; --            ; --          ; --             ;
; MISC_FILE                           ; mux1_4.bsf                             ; --            ; --          ; --             ;
; OUTPUT_IO_TIMING_FAR_END_VMEAS      ; Half Signal Swing                      ; --            ; --          ; --             ;
; OUTPUT_IO_TIMING_FAR_END_VMEAS      ; Half Signal Swing                      ; --            ; --          ; --             ;
; OUTPUT_IO_TIMING_NEAR_END_VMEAS     ; Half Vccio                             ; --            ; --          ; --             ;
; OUTPUT_IO_TIMING_NEAR_END_VMEAS     ; Half Vccio                             ; --            ; --          ; --             ;
; PARTITION_COLOR                     ; -- (Not supported for targeted family) ; --            ; --          ; Top            ;
; PARTITION_FITTER_PRESERVATION_LEVEL ; -- (Not supported for targeted family) ; --            ; --          ; Top            ;
; PARTITION_NETLIST_TYPE              ; -- (Not supported for targeted family) ; --            ; --          ; Top            ;
; PROJECT_OUTPUT_DIRECTORY            ; output_files                           ; --            ; --          ; --             ;
+-------------------------------------+----------------------------------------+---------------+-------------+----------------+


+--------------------------------------------------------------------------------------------------------------------------+
; Flow Elapsed Time                                                                                                        ;
+----------------------+--------------+-------------------------+---------------------+------------------------------------+
; Module Name          ; Elapsed Time ; Average Processors Used ; Peak Virtual Memory ; Total CPU Time (on all processors) ;
+----------------------+--------------+-------------------------+---------------------+------------------------------------+
; Analysis & Synthesis ; 00:00:10     ; 1.0                     ; 4865 MB             ; 00:00:21                           ;
; Fitter               ; 00:00:10     ; 1.1                     ; 5649 MB             ; 00:00:14                           ;
; Assembler            ; 00:00:02     ; 1.0                     ; 4713 MB             ; 00:00:02                           ;
; Timing Analyzer      ; 00:00:02     ; 1.1                     ; 4844 MB             ; 00:00:02                           ;
; EDA Netlist Writer   ; 00:00:01     ; 1.0                     ; 4680 MB             ; 00:00:01                           ;
; Total                ; 00:00:25     ; --                      ; --                  ; 00:00:40                           ;
+----------------------+--------------+-------------------------+---------------------+------------------------------------+


+------------------------------------------------------------------------------------+
; Flow OS Summary                                                                    ;
+----------------------+------------------+------------+------------+----------------+
; Module Name          ; Machine Hostname ; OS Name    ; OS Version ; Processor type ;
+----------------------+------------------+------------+------------+----------------+
; Analysis & Synthesis ; Simulacion18     ; Windows 10 ; 10.0       ; x86_64         ;
; Fitter               ; Simulacion18     ; Windows 10 ; 10.0       ; x86_64         ;
; Assembler            ; Simulacion18     ; Windows 10 ; 10.0       ; x86_64         ;
; Timing Analyzer      ; Simulacion18     ; Windows 10 ; 10.0       ; x86_64         ;
; EDA Netlist Writer   ; Simulacion18     ; Windows 10 ; 10.0       ; x86_64         ;
+----------------------+------------------+------------+------------+----------------+


------------
; Flow Log ;
------------
quartus_map --read_settings_files=on --write_settings_files=off asistente -c asistente
quartus_fit --read_settings_files=off --write_settings_files=off asistente -c asistente
quartus_asm --read_settings_files=off --write_settings_files=off asistente -c asistente
quartus_sta asistente -c asistente
quartus_eda --read_settings_files=off --write_settings_files=off asistente -c asistente



